\BOOKMARK [0][]{chapter*.1}{\376\377\162\110\147\103\117\341\140\157}{}% 1
\BOOKMARK [0][]{chapter*.2}{\376\377\145\164\164\006\213\364\146\016}{}% 2
\BOOKMARK [0][]{chapter*.3}{\376\377\201\002\170\032\145\213\221\315\213\304\167\363\131\064\213\260\121\341\117\213}{}% 3
\BOOKMARK [0][]{chapter.1}{\376\377\165\004\130\353\226\220\150\246\136\173\213\306\220\032\160\165\215\076\226\350\147\121\230\316\134\030\140\000\225\372\171\300}{}% 4
\BOOKMARK [0][]{chapter.2}{\376\377\215\076\131\053\116\272\116\331\220\035\142\154\135\336\127\316\121\267\133\120\121\164\157\024\213\364\203\143\126\375\136\234}{}% 5
\BOOKMARK [0][]{chapter.3}{\376\377\221\321\226\165\127\316\215\167\131\015\215\076\226\350\147\121\203\143\126\375\136\234\145\066\121\173\000*\147\227\236\333\163\211}{}% 6
\BOOKMARK [0][]{chapter.4}{\376\377\205\204\124\175\131\163\120\117\220\042\205\204\124\175\220\316\204\153\202\246\120\347\116\161\122\044\204\153\202\246\150\110}{}% 7
\BOOKMARK [0][]{chapter.5}{\376\377\137\000\165\037\227\142\150\246\157\024\176\242\151\174\150\246\172\313\145\260\127\072\140\305\117\040\136\173\130\203\140\305}{}% 8
\BOOKMARK [0][]{chapter.6}{\376\377\215\076\133\235\163\211\122\035\213\325\116\221\226\350\140\305\122\030\131\345\131\345\116\000\217\333\203\143\126\375\136\234}{}% 9
\BOOKMARK [0][]{chapter.7}{\376\377\220\001\133\253\202\261\124\150\164\136\123\371\202\361\203\262\214\010\200\204\116\032\171\346\224\237\176\323\133\235\163\211}{}% 10
\BOOKMARK [0][]{chapter.8}{\376\377\205\233\133\235\224\227\134\017\140\131\150\250\231\231\226\142\215\076\133\235\163\211\131\047\221\211\176\333\202\270\217\151}{}% 11
\BOOKMARK [0][]{chapter.9}{\376\377\140\113\230\316\155\101\140\305\123\313\121\145\133\266\130\176\215\167\132\314\165\221\230\175\172\345\225\371\133\146\130\002}{}% 12
\BOOKMARK [0][]{chapter.10}{\376\377\221\321\133\341\131\207\215\052\122\051\147\103\123\327\217\261\137\040\131\052\123\073\213\272\165\305\176\306\172\167\156\220}{}% 13
\BOOKMARK [0][]{chapter.11}{\376\377\136\206\133\377\217\260\133\201\136\234\143\222\133\266\133\264\211\301\161\231\121\344\215\076\164\136\215\167\155\353\137\303}{}% 14
\BOOKMARK [0][]{chapter.12}{\376\377\163\213\161\231\121\344\153\322\213\276\166\370\140\035\134\100\215\076\131\051\171\145\153\143\161\147\230\316\147\010\222\164}{}% 15
\BOOKMARK [0][]{chapter.13}{\376\377\171\346\123\357\123\177\153\173\134\001\237\231\171\201\134\011\163\213\161\231\121\344\123\117\164\006\133\201\126\375\136\234}{}% 16
\BOOKMARK [0][]{chapter.14}{\376\377\147\227\131\202\155\167\143\120\231\206\142\154\135\336\127\316\215\076\133\235\163\211\215\357\214\022\123\027\227\131\163\213}{}% 17
\BOOKMARK [0][]{chapter.15}{\376\377\163\213\161\231\121\344\137\004\147\103\224\301\151\333\133\372\171\346\234\270\123\177\137\227\215\243\231\222\131\064\136\265}{}% 18
\BOOKMARK [0][]{chapter.16}{\376\377\215\076\121\103\146\045\142\115\220\011\121\344\205\373\133\253\171\346\234\270\123\177\131\055\220\035\236\304\154\311\215\357}{}% 19
\BOOKMARK [0][]{chapter.17}{\376\377\131\047\211\302\126\355\213\325\142\115\230\230\133\371\230\235\060\000\203\143\126\375\136\234\137\122\167\001\136\206\121\103\133\265}{}% 20
\BOOKMARK [0][]{chapter.18}{\376\377\131\047\211\302\126\355\213\325\142\115\230\230\133\371\230\235\203\143\126\375\136\234\137\122\167\001\136\206\121\103\133\265\377\010\176\355\377\011}{}% 21
\BOOKMARK [0][]{chapter.19}{\376\377\140\305\122\007\122\007\202\157\133\265\202\261\211\343\213\355\141\017\176\365\176\365\227\131\145\345\163\211\165\037\231\231}{}% 22
\BOOKMARK [0][]{chapter.20}{\376\377\163\213\161\231\121\344\153\143\212\000\137\071\131\222\141\017\147\227\236\333\163\211\117\317\213\355\214\021\132\007\227\363}{}% 23
\BOOKMARK [0][]{chapter.21}{\376\377\215\044\210\255\116\272\132\007\125\324\173\264\133\235\163\211\060\000\117\317\136\163\121\077\217\157\213\355\145\121\215\076\164\017}{}% 24
\BOOKMARK [0][]{chapter.22}{\376\377\124\054\146\362\145\207\133\235\163\211\140\237\171\205\147\072\060\000\122\066\160\157\214\034\215\076\145\077\140\262\214\066\213\355}{}% 25
\BOOKMARK [0][]{chapter.23}{\376\377\211\177\123\242\213\260\131\231\213\315\220\032\142\017\213\355\060\000\162\141\116\071\116\255\202\163\146\362\213\146\202\263\137\303}{}% 26
\BOOKMARK [0][]{chapter.24}{\376\377\221\211\221\321\122\032\217\173\215\042\134\032\116\111\117\240\165\364\131\163\121\077\220\127\136\025\140\371\166\370\140\035}{}% 27
\BOOKMARK [0][]{chapter.25}{\376\377\233\107\233\124\154\325\123\324\132\302\220\042\116\224\233\074\060\000\220\032\160\165\163\211\204\231\205\075\220\107\123\314\167\037}{}% 28
\BOOKMARK [0][]{chapter.26}{\376\377\207\002\201\160\150\145\213\276\212\000\117\040\207\034\141\017\060\000\157\107\156\130\231\206\146\045\126\360\123\321\136\175\140\305}{}% 29
\BOOKMARK [0][]{chapter.27}{\376\377\156\364\177\340\116\255\147\150\131\203\142\017\137\151\207\166\127\313\231\231\121\242\230\336\161\325\154\343\153\213\176\242}{}% 30
\BOOKMARK [0][]{chapter.28}{\376\377\204\213\163\211\203\341\140\305\215\140\203\034\231\231\177\127\205\233\133\235\224\227\177\236\173\074\176\242\236\235\116\062}{}% 31
\BOOKMARK [0][]{chapter.29}{\376\377\116\253\171\217\116\272\171\217\155\361\217\330\171\167\171\217\060\000\165\364\140\305\131\163\140\305\221\315\141\010\145\237\140\305}{}% 32
\BOOKMARK [0][]{chapter.30}{\376\377\133\235\224\227\120\037\142\107\147\072\136\046\123\314\145\162\060\000\237\204\133\230\122\022\205\067\165\364\123\312\134\100\131\026}{}% 33
\BOOKMARK [0][]{chapter.31}{\376\377\144\225\142\107\133\120\117\134\123\103\221\321\116\000\173\021\060\000\126\340\236\222\236\237\117\017\166\175\231\226\123\314\146\037}{}% 34
\BOOKMARK [0][]{chapter.32}{\376\377\213\311\200\272\201\121\137\303\217\367\155\073\133\235\163\211\060\000\124\053\200\073\217\261\140\305\160\310\153\173\221\321\224\217}{}% 35
\BOOKMARK [0][]{chapter.33}{\376\377\142\113\215\263\200\075\200\075\134\017\122\250\125\007\202\014\060\000\116\015\200\226\171\315\171\315\131\047\142\177\173\036\143\036}{}% 36
\BOOKMARK [0][]{chapter.34}{\376\377\140\305\116\055\140\305\126\340\140\305\141\037\131\271\131\271\225\031\221\314\225\031\116\345\225\031\122\235\124\345\124\345}{}% 37
\BOOKMARK [0][]{chapter.35}{\376\377\166\175\163\211\224\217\116\262\134\035\203\262\123\366\177\271\060\000\236\304\221\321\203\272\135\347\176\323\150\205\202\261\176\334}{}% 38
\BOOKMARK [0][]{chapter.36}{\376\377\176\343\236\063\236\057\150\246\121\106\176\333\202\270\217\151\060\000\213\306\122\006\133\232\140\305\140\237\150\250\231\231\226\142}{}% 39
\BOOKMARK [0][]{chapter.37}{\376\377\171\313\162\075\145\213\120\166\176\323\155\167\150\340\171\076\060\000\206\005\202\234\202\321\131\034\142\337\203\312\202\261\230\230}{}% 40
\BOOKMARK [0][]{chapter.38}{\376\377\147\227\157\107\156\130\233\101\131\072\203\312\202\261\213\327\060\000\205\233\206\005\202\234\213\275\124\214\207\203\207\371\124\217}{}% 41
\BOOKMARK [0][]{chapter.39}{\376\377\147\121\131\345\131\345\146\057\117\341\123\343\137\000\154\263\060\000\140\305\124\345\124\345\120\117\133\373\150\071\172\166\136\225}{}% 42
\BOOKMARK [0][]{chapter.40}{\376\377\123\362\131\052\124\033\116\044\133\264\131\047\211\302\126\355\060\000\221\321\236\063\236\057\116\011\133\243\162\131\162\114\116\344}{}% 43
\BOOKMARK [0][]{chapter.41}{\376\377\150\012\177\340\136\265\203\066\124\301\150\205\202\261\226\352\060\000\140\041\176\242\226\142\122\253\220\107\153\315\207\127\206\153}{}% 44
\BOOKMARK [0][]{chapter.42}{\376\377\206\005\202\234\124\033\121\160\212\000\211\343\165\221\166\126\060\000\157\107\156\130\133\120\226\305\214\021\210\145\231\200\231\231}{}% 45
\BOOKMARK [0][]{chapter.43}{\376\377\225\362\123\326\116\120\120\166\145\022\221\321\136\206\133\377\060\000\116\015\116\206\140\305\146\202\144\256\127\037\116\072\231\231}{}% 46
\BOOKMARK [0][]{chapter.44}{\376\377\123\330\165\037\116\015\155\113\121\344\131\320\154\374\221\213\060\000\125\234\121\372\147\033\131\026\136\163\121\077\164\006\131\206}{}% 47
\BOOKMARK [0][]{chapter.45}{\376\377\221\321\121\160\131\121\116\222\122\126\221\321\121\160\213\355\060\000\230\316\226\350\131\025\225\367\122\066\230\316\226\350\213\315}{}% 48
\BOOKMARK [0][]{chapter.46}{\376\377\134\064\134\054\116\272\226\276\121\115\134\064\134\054\116\213\060\000\236\063\236\057\131\163\212\223\176\335\236\063\236\057\120\166}{}% 49
\BOOKMARK [0][]{chapter.47}{\376\377\124\106\227\070\163\213\214\003\140\305\220\155\202\346\142\123\060\000\121\267\220\316\124\033\140\347\171\170\215\160\116\326\116\141}{}% 50
\BOOKMARK [0][]{chapter.48}{\376\377\156\345\140\305\116\272\140\305\213\357\140\035\156\070\202\172\060\000\141\125\226\305\131\163\226\305\226\306\202\346\124\037\213\327}{}% 51
\BOOKMARK [0][]{chapter.49}{\376\377\164\011\164\203\116\026\165\114\166\175\226\352\176\242\150\205\060\000\201\002\174\211\231\231\132\003\122\162\201\145\125\126\201\273}{}% 52
\BOOKMARK [0][]{chapter.50}{\376\377\202\246\226\352\136\177\116\211\200\124\123\163\146\157\213\327\060\000\146\226\231\231\127\136\226\305\122\066\146\045\160\157\214\034}{}% 53
\BOOKMARK [0][]{chapter.51}{\376\377\205\233\134\017\131\271\145\260\177\026\140\000\123\344\213\327\060\000\200\341\136\270\123\073\116\161\165\050\206\116\162\374\203\157}{}% 54
\BOOKMARK [0][]{chapter.52}{\376\377\117\317\136\163\121\077\140\305\143\251\206\176\230\173\225\157\060\000\122\307\146\164\226\357\165\305\210\145\226\300\221\321\210\330}{}% 55
\BOOKMARK [0][]{chapter.53}{\376\377\133\201\126\375\136\234\226\144\131\025\171\155\133\227\171\140\203\143\126\375\136\234\121\103\133\265\137\000\131\034\133\264}{}% 56
\BOOKMARK [0][]{chapter.54}{\376\377\123\362\131\052\124\033\170\064\226\110\201\120\145\347\131\127\060\000\163\213\161\231\121\344\145\110\142\017\137\151\145\221\210\143}{}% 57
\BOOKMARK [0][]{chapter.55}{\376\377\217\261\116\262\131\163\141\032\131\276\116\211\225\362\154\024\153\072\136\174\116\073\122\001\131\164\204\304\226\151\137\303}{}% 58
\BOOKMARK [0][]{chapter.56}{\376\377\145\117\143\242\146\045\121\164\122\051\226\144\133\277\137\012\145\366\133\235\224\227\134\017\140\340\121\150\131\047\117\123}{}% 59
\BOOKMARK [0][]{chapter.57}{\376\377\141\147\175\053\236\103\140\305\217\236\213\325\137\331\163\211\141\110\131\350\131\210\162\061\213\355\141\160\165\364\230\246}{}% 60
\BOOKMARK [0][]{chapter.58}{\376\377\147\117\133\120\226\064\120\107\121\344\154\343\206\132\121\360\203\034\176\261\172\227\167\037\140\305\143\306\165\364\164\006}{}% 61
\BOOKMARK [0][]{chapter.59}{\376\377\147\363\123\366\156\032\217\271\125\324\203\272\124\244\161\325\060\000\176\333\202\270\217\151\221\314\123\354\134\006\230\336\173\046}{}% 62
\BOOKMARK [0][]{chapter.60}{\376\377\203\011\203\211\174\211\146\377\123\273\205\067\205\207\170\135\163\253\164\160\227\062\137\025\147\145\203\057\202\323\227\034}{}% 63
\BOOKMARK [0][]{chapter.61}{\376\377\142\225\237\040\137\314\126\150\133\235\163\211\140\305\215\103\122\044\121\244\121\263\162\361\136\163\121\077\140\305\147\103}{}% 64
\BOOKMARK [0][]{chapter.62}{\376\377\141\250\156\130\116\221\221\211\167\040\202\215\203\157\210\300\060\000\124\106\231\231\203\361\140\305\211\343\167\363\151\264\210\331}{}% 65
\BOOKMARK [0][]{chapter.63}{\376\377\133\377\140\041\176\242\177\244\202\263\137\000\131\034\133\264\153\173\221\321\116\071\162\354\202\163\164\006\116\262\116\047}{}% 66
\BOOKMARK [0][]{chapter.64}{\376\377\136\175\155\321\131\163\140\262\230\230\116\224\177\216\124\037\155\152\203\141\133\120\140\305\220\127\116\135\237\231\117\151}{}% 67
\BOOKMARK [0][]{chapter.65}{\376\377\215\076\116\214\202\015\120\167\132\066\134\044\116\214\131\350\134\044\116\011\131\320\140\035\132\301\147\363\116\214\220\316}{}% 68
\BOOKMARK [0][]{chapter.66}{\376\377\140\305\134\017\131\271\200\073\140\305\137\122\127\060\136\234\121\267\116\214\220\316\116\000\121\267\121\145\172\172\225\350}{}% 69
\BOOKMARK [0][]{chapter.67}{\376\377\231\210\127\037\162\151\230\246\123\177\137\365\145\105\221\314\213\257\133\266\172\345\121\344\131\320\204\304\226\064\214\013}{}% 70
\BOOKMARK [0][]{chapter.68}{\376\377\202\346\134\044\132\030\215\132\121\145\131\047\211\302\126\355\221\170\121\344\131\320\131\047\225\371\133\201\126\375\136\234}{}% 71
\BOOKMARK [0][]{chapter.69}{\376\377\137\004\134\017\135\347\165\050\120\037\122\121\147\100\116\272\211\311\131\047\226\120\124\036\165\037\221\321\201\352\220\035}{}% 72
\BOOKMARK [0][]{chapter.70}{\376\377\147\227\236\333\163\211\221\315\136\372\150\103\202\261\171\076\123\362\156\130\116\221\120\166\130\153\147\363\175\156\213\315}{}% 73
\BOOKMARK [0][]{chapter.71}{\376\377\132\314\226\231\116\272\147\011\137\303\165\037\132\314\226\231\236\063\236\057\131\163\145\340\141\017\220\107\236\063\236\057}{}% 74
\BOOKMARK [0][]{chapter.72}{\376\377\163\213\161\231\121\344\140\103\137\072\177\236\213\364\165\305\147\145\145\372\131\207\120\032\122\277\227\070\142\020\116\262}{}% 75
\BOOKMARK [0][]{chapter.73}{\376\377\165\364\116\053\131\064\213\357\142\376\176\343\146\045\126\312\141\346\134\017\131\320\116\015\225\356\175\057\221\321\121\344}{}% 76
\BOOKMARK [0][]{chapter.74}{\376\377\140\321\131\170\214\027\142\204\150\300\131\047\211\302\126\355\167\342\133\144\116\313\147\134\176\335\133\201\126\375\136\234}{}% 77
\BOOKMARK [0][]{chapter.75}{\376\377\137\000\131\034\133\264\137\002\121\106\123\321\140\262\227\363\215\117\116\055\171\313\145\260\213\315\137\227\117\163\214\066}{}% 78
\BOOKMARK [0][]{chapter.76}{\376\377\121\370\170\247\130\002\124\301\173\033\141\037\121\304\156\005\121\371\146\166\231\206\200\124\213\327\140\262\133\302\133\336}{}% 79
\BOOKMARK [0][]{chapter.77}{\376\377\117\317\116\053\233\037\142\261\134\110\131\055\230\316\155\101\177\216\117\030\117\066\145\251\140\305\137\122\154\064\147\010}{}% 80
\BOOKMARK [0][]{chapter.78}{\376\377\200\001\133\146\130\353\225\362\137\201\131\375\132\163\213\315\165\364\121\154\133\120\147\134\144\260\202\231\204\311\213\324}{}% 81
\BOOKMARK [0][]{chapter.79}{\376\377\205\233\145\207\237\231\140\224\132\066\154\263\116\034\162\356\215\076\217\316\146\045\213\357\132\301\116\055\134\161\162\374}{}% 82
\BOOKMARK [0][]{chapter.80}{\376\377\205\233\145\207\237\231\140\224\132\066\154\263\116\034\162\356\060\000\215\076\217\316\146\045\213\357\132\301\116\055\134\161\162\374\377\010\176\355\377\011\044\140}{}% 83
\BOOKMARK [0][]{chapter*.6}{\376\377\124\004\142\204\147\054\145\066\205\317\200\005\136\217\215\313}{}% 84
\BOOKMARK [0][]{chapter*.7}{\376\377\133\130\116\026\060\012\176\242\151\174\150\246\060\013\201\002\213\304\147\054\173\200\116\313}{}% 85
\BOOKMARK [0][]{chapter*.8}{\376\377\153\333\126\375\164\166\142\204\137\125\227\126\205\317\147\054\142\171\213\355}{}% 86
\BOOKMARK [0][]{chapter*.9}{\376\377\150\041\213\373\147\055\213\260}{}% 87
