This is XeTeX, Version 3.14159265-2.6-0.999991 (TeX Live 2019/W32TeX) (preloaded format=xelatex 2019.10.16)  29 DEC 2019 21:36
entering extended mode
 restricted \write18 enabled.
 %&-line parsing enabled.
**main.tex
(./main.tex
LaTeX2e <2018-12-01>
(d:/Programe/tex2019/texlive/2019/texmf-dist/tex/latex/ctex/ctexbook.cls
(d:/Programe/tex2019/texlive/2019/texmf-dist/tex/latex/l3kernel/expl3.sty
Package: expl3 2019-04-06 L3 programming layer (loader) 

(d:/Programe/tex2019/texlive/2019/texmf-dist/tex/latex/l3kernel/expl3-code.tex
Package: expl3 2019-04-06 L3 programming layer (code)
\c_max_int=\count80
\l_tmpa_int=\count81
\l_tmpb_int=\count82
\g_tmpa_int=\count83
\g_tmpb_int=\count84
\g__kernel_prg_map_int=\count85
\c__ior_term_ior=\count86
\c_log_iow=\count87
\l_iow_line_count_int=\count88
\l__iow_line_target_int=\count89
\l__iow_one_indent_int=\count90
\l__iow_indent_int=\count91
\c_zero_dim=\dimen102
\c_max_dim=\dimen103
\l_tmpa_dim=\dimen104
\l_tmpb_dim=\dimen105
\g_tmpa_dim=\dimen106
\g_tmpb_dim=\dimen107
\c_zero_skip=\skip41
\c_max_skip=\skip42
\l_tmpa_skip=\skip43
\l_tmpb_skip=\skip44
\g_tmpa_skip=\skip45
\g_tmpb_skip=\skip46
\c_zero_muskip=\muskip10
\c_max_muskip=\muskip11
\l_tmpa_muskip=\muskip12
\l_tmpb_muskip=\muskip13
\g_tmpa_muskip=\muskip14
\g_tmpb_muskip=\muskip15
\l_keys_choice_int=\count92
\l__intarray_loop_int=\count93
\c__intarray_sp_dim=\dimen108
\g__intarray_font_int=\count94
\c__fp_leading_shift_int=\count95
\c__fp_middle_shift_int=\count96
\c__fp_trailing_shift_int=\count97
\c__fp_big_leading_shift_int=\count98
\c__fp_big_middle_shift_int=\count99
\c__fp_big_trailing_shift_int=\count100
\c__fp_Bigg_leading_shift_int=\count101
\c__fp_Bigg_middle_shift_int=\count102
\c__fp_Bigg_trailing_shift_int=\count103
\g__fp_array_int=\count104
\l__fp_array_loop_int=\count105
\l__sort_length_int=\count106
\l__sort_min_int=\count107
\l__sort_top_int=\count108
\l__sort_max_int=\count109
\l__sort_true_max_int=\count110
\l__sort_block_int=\count111
\l__sort_begin_int=\count112
\l__sort_end_int=\count113
\l__sort_A_int=\count114
\l__sort_B_int=\count115
\l__sort_C_int=\count116
\l__tl_analysis_normal_int=\count117
\l__tl_analysis_index_int=\count118
\l__tl_analysis_nesting_int=\count119
\l__tl_analysis_type_int=\count120
\l__regex_internal_a_int=\count121
\l__regex_internal_b_int=\count122
\l__regex_internal_c_int=\count123
\l__regex_balance_int=\count124
\l__regex_group_level_int=\count125
\l__regex_mode_int=\count126
\c__regex_cs_in_class_mode_int=\count127
\c__regex_cs_mode_int=\count128
\l__regex_catcodes_int=\count129
\l__regex_default_catcodes_int=\count130
\c__regex_catcode_L_int=\count131
\c__regex_catcode_O_int=\count132
\c__regex_catcode_A_int=\count133
\c__regex_all_catcodes_int=\count134
\l__regex_show_lines_int=\count135
\l__regex_min_state_int=\count136
\l__regex_max_state_int=\count137
\l__regex_left_state_int=\count138
\l__regex_right_state_int=\count139
\l__regex_capturing_group_int=\count140
\l__regex_min_pos_int=\count141
\l__regex_max_pos_int=\count142
\l__regex_curr_pos_int=\count143
\l__regex_start_pos_int=\count144
\l__regex_success_pos_int=\count145
\l__regex_curr_char_int=\count146
\l__regex_curr_catcode_int=\count147
\l__regex_last_char_int=\count148
\l__regex_case_changed_char_int=\count149
\l__regex_curr_state_int=\count150
\l__regex_step_int=\count151
\l__regex_min_active_int=\count152
\l__regex_max_active_int=\count153
\l__regex_replacement_csnames_int=\count154
\l__regex_match_count_int=\count155
\l__regex_min_submatch_int=\count156
\l__regex_submatch_int=\count157
\l__regex_zeroth_submatch_int=\count158
\g__regex_trace_regex_int=\count159
\c_empty_box=\box27
\l_tmpa_box=\box28
\l_tmpb_box=\box29
\g_tmpa_box=\box30
\g_tmpb_box=\box31
\l__box_top_dim=\dimen109
\l__box_bottom_dim=\dimen110
\l__box_left_dim=\dimen111
\l__box_right_dim=\dimen112
\l__box_top_new_dim=\dimen113
\l__box_bottom_new_dim=\dimen114
\l__box_left_new_dim=\dimen115
\l__box_right_new_dim=\dimen116
\l__box_internal_box=\box32
\l__coffin_internal_box=\box33
\l__coffin_internal_dim=\dimen117
\l__coffin_offset_x_dim=\dimen118
\l__coffin_offset_y_dim=\dimen119
\l__coffin_x_dim=\dimen120
\l__coffin_y_dim=\dimen121
\l__coffin_x_prime_dim=\dimen122
\l__coffin_y_prime_dim=\dimen123
\c_empty_coffin=\box34
\l__coffin_aligned_coffin=\box35
\l__coffin_aligned_internal_coffin=\box36
\l_tmpa_coffin=\box37
\l_tmpb_coffin=\box38
\g_tmpa_coffin=\box39
\g_tmpb_coffin=\box40
\l__coffin_bounding_shift_dim=\dimen124
\l__coffin_left_corner_dim=\dimen125
\l__coffin_right_corner_dim=\dimen126
\l__coffin_bottom_corner_dim=\dimen127
\l__coffin_top_corner_dim=\dimen128
\l__coffin_scaled_total_height_dim=\dimen129
\l__coffin_scaled_width_dim=\dimen130
\c__coffin_empty_coffin=\box41
\l__coffin_display_coffin=\box42
\l__coffin_display_coord_coffin=\box43
\l__coffin_display_pole_coffin=\box44
\l__coffin_display_offset_dim=\dimen131
\l__coffin_display_x_dim=\dimen132
\l__coffin_display_y_dim=\dimen133
\g__file_internal_ior=\read1
\l__seq_internal_a_int=\count160
\l__seq_internal_b_int=\count161
\c__deprecation_minus_one=\count162
)
(d:/Programe/tex2019/texlive/2019/texmf-dist/tex/latex/l3kernel/l3xdvipdfmx.def
File: l3xdvipdfmx.def 2019-04-06 v L3 Experimental driver: xdvipdfmx
\g__driver_image_int=\count163
\g__driver_pdf_object_int=\count164
))
Document Class: ctexbook 2019/04/07 v2.4.15 Chinese adapter for class book (CTE
X)

(d:/Programe/tex2019/texlive/2019/texmf-dist/tex/latex/l3packages/xparse/xparse
.sty
Package: xparse 2019-03-05 L3 Experimental document command parser
\l__xparse_current_arg_int=\count165
\g__xparse_grabber_int=\count166
\l__xparse_m_args_int=\count167
\l__xparse_v_nesting_int=\count168
)
(d:/Programe/tex2019/texlive/2019/texmf-dist/tex/latex/l3packages/l3keys2e/l3ke
ys2e.sty
Package: l3keys2e 2019-03-05 LaTeX2e option processing using LaTeX3 keys
)
(d:/Programe/tex2019/texlive/2019/texmf-dist/tex/latex/ctex/ctexhook.sty
Package: ctexhook 2019/04/07 v2.4.15 Document and package hooks (CTEX)
)
(d:/Programe/tex2019/texlive/2019/texmf-dist/tex/latex/ctex/ctexpatch.sty
Package: ctexpatch 2019/04/07 v2.4.15 Patching commands (CTEX)
)
(d:/Programe/tex2019/texlive/2019/texmf-dist/tex/latex/base/fix-cm.sty
Package: fix-cm 2015/01/14 v1.1t fixes to LaTeX

(d:/Programe/tex2019/texlive/2019/texmf-dist/tex/latex/base/ts1enc.def
File: ts1enc.def 2001/06/05 v3.0e (jk/car/fm) Standard LaTeX file
))
(d:/Programe/tex2019/texlive/2019/texmf-dist/tex/latex/ms/everysel.sty
Package: everysel 2011/10/28 v1.2 EverySelectfont Package (MS)
)
\l__ctex_tmp_int=\count169
\l__ctex_tmp_box=\box45
\l__ctex_tmp_dim=\dimen134
\g__ctex_section_depth_int=\count170
\g__ctex_font_size_int=\count171

(d:/Programe/tex2019/texlive/2019/texmf-dist/tex/latex/ctex/config/ctexopts.cfg
File: ctexopts.cfg 2019/04/07 v2.4.15 Option configuration file (CTEX)
) (d:/Programe/tex2019/texlive/2019/texmf-dist/tex/latex/base/book.cls
Document Class: book 2018/09/03 v1.4i Standard LaTeX document class
(d:/Programe/tex2019/texlive/2019/texmf-dist/tex/latex/base/bk12.clo
File: bk12.clo 2018/09/03 v1.4i Standard LaTeX file (size option)
)
\c@part=\count172
\c@chapter=\count173
\c@section=\count174
\c@subsection=\count175
\c@subsubsection=\count176
\c@paragraph=\count177
\c@subparagraph=\count178
\c@figure=\count179
\c@table=\count180
\abovecaptionskip=\skip47
\belowcaptionskip=\skip48
\bibindent=\dimen135
)
(d:/Programe/tex2019/texlive/2019/texmf-dist/tex/latex/ctex/engine/ctex-engine-
xetex.def
File: ctex-engine-xetex.def 2019/04/07 v2.4.15 XeLaTeX adapter (CTEX)

(d:/Programe/tex2019/texlive/2019/texmf-dist/tex/xelatex/xecjk/xeCJK.sty
Package: xeCJK 2019/04/07 v3.7.2 Typesetting CJK scripts with XeLaTeX

(d:/Programe/tex2019/texlive/2019/texmf-dist/tex/latex/l3packages/xtemplate/xte
mplate.sty
Package: xtemplate 2019-03-05 L3 Experimental prototype document functions
\l__xtemplate_tmp_dim=\dimen136
\l__xtemplate_tmp_int=\count181
\l__xtemplate_tmp_muskip=\muskip16
\l__xtemplate_tmp_skip=\skip49
)
\l__xeCJK_tmp_int=\count182
\l__xeCJK_tmp_box=\box46
\l__xeCJK_tmp_dim=\dimen137
\l__xeCJK_tmp_skip=\skip50
\g__xeCJK_space_factor_int=\count183
\l__xeCJK_begin_int=\count184
\l__xeCJK_end_int=\count185
\c__xeCJK_CJK_class_int=\XeTeXcharclass1
\c__xeCJK_FullLeft_class_int=\XeTeXcharclass2
\c__xeCJK_FullRight_class_int=\XeTeXcharclass3
\c__xeCJK_HalfLeft_class_int=\XeTeXcharclass4
\c__xeCJK_HalfRight_class_int=\XeTeXcharclass5
\c__xeCJK_NormalSpace_class_int=\XeTeXcharclass6
\c__xeCJK_CM_class_int=\XeTeXcharclass7
\c__xeCJK_HangulJamo_class_int=\XeTeXcharclass8
\l__xeCJK_last_skip=\skip51
\g__xeCJK_node_int=\count186
\c__xeCJK_CJK_node_dim=\dimen138
\c__xeCJK_CJK-space_node_dim=\dimen139
\c__xeCJK_default_node_dim=\dimen140
\c__xeCJK_default-space_node_dim=\dimen141
\c__xeCJK_CJK-widow_node_dim=\dimen142
\c__xeCJK_normalspace_node_dim=\dimen143
\l__xeCJK_ccglue_skip=\skip52
\l__xeCJK_ecglue_skip=\skip53
\l__xeCJK_punct_kern_skip=\skip54
\l__xeCJK_last_penalty_int=\count187
\l__xeCJK_last_bound_dim=\dimen144
\l__xeCJK_last_kern_dim=\dimen145
\l__xeCJK_widow_penalty_int=\count188

Package xtemplate Info: Declaring object type 'xeCJK/punctuation' taking 0
(xtemplate)             argument(s) on line 2352.

\l__xeCJK_fixed_punct_width_dim=\dimen146
\l__xeCJK_mixed_punct_width_dim=\dimen147
\l__xeCJK_middle_punct_width_dim=\dimen148
\l__xeCJK_fixed_margin_width_dim=\dimen149
\l__xeCJK_mixed_margin_width_dim=\dimen150
\l__xeCJK_middle_margin_width_dim=\dimen151
\l__xeCJK_bound_punct_width_dim=\dimen152
\l__xeCJK_bound_margin_width_dim=\dimen153
\l__xeCJK_margin_minimum_dim=\dimen154
\l__xeCJK_kerning_total_width_dim=\dimen155
\l__xeCJK_same_align_margin_dim=\dimen156
\l__xeCJK_different_align_margin_dim=\dimen157
\l__xeCJK_kerning_margin_width_dim=\dimen158
\l__xeCJK_kerning_margin_minimum_dim=\dimen159
\l__xeCJK_bound_dim=\dimen160
\l__xeCJK_reverse_bound_dim=\dimen161
\l__xeCJK_minimum_bound_dim=\dimen162
\l__xeCJK_kerning_margin_dim=\dimen163
\l__xeCJK_original_margin_dim=\dimen164
\g__xeCJK_family_int=\count189
\l__xeCJK_fam_int=\count190
\g__xeCJK_fam_allocation_int=\count191
\l__xeCJK_verb_case_int=\count192
\l__xeCJK_verb_exspace_skip=\skip55

(d:/Programe/tex2019/texlive/2019/texmf-dist/tex/latex/fontspec/fontspec.sty
Package: fontspec 2019/03/15 v2.7c Font selection for XeLaTeX and LuaLaTeX

(d:/Programe/tex2019/texlive/2019/texmf-dist/tex/latex/fontspec/fontspec-xetex.
sty
Package: fontspec-xetex 2019/03/15 v2.7c Font selection for XeLaTeX and LuaLaTe
X
\l__fontspec_script_int=\count193
\l__fontspec_language_int=\count194
\l__fontspec_strnum_int=\count195
\l__fontspec_tmp_int=\count196
\l__fontspec_tmpa_int=\count197
\l__fontspec_tmpb_int=\count198
\l__fontspec_tmpc_int=\count199
\l__fontspec_em_int=\count266
\l__fontspec_emdef_int=\count267
\l__fontspec_strong_int=\count268
\l__fontspec_strongdef_int=\count269
\l__fontspec_tmpa_dim=\dimen165
\l__fontspec_tmpb_dim=\dimen166
\l__fontspec_tmpc_dim=\dimen167
 (d:/Programe/tex2019/texlive/2019/texmf-dist/tex/latex/base/fontenc.sty
Package: fontenc 2018/08/11 v2.0j Standard LaTeX package

(d:/Programe/tex2019/texlive/2019/texmf-dist/tex/latex/base/tuenc.def
File: tuenc.def 2018/08/11 v2.0j Standard LaTeX file
LaTeX Font Info:    Redeclaring font encoding TU on input line 82.
))
(d:/Programe/tex2019/texlive/2019/texmf-dist/tex/latex/fontspec/fontspec.cfg)
LaTeX Info: Redefining \itshape on input line 4051.
LaTeX Info: Redefining \slshape on input line 4056.
LaTeX Info: Redefining \scshape on input line 4061.
LaTeX Info: Redefining \upshape on input line 4066.
LaTeX Info: Redefining \em on input line 4096.
LaTeX Info: Redefining \emph on input line 4121.
)) (d:/Programe/tex2019/texlive/2019/texmf-dist/tex/xelatex/xecjk/xeCJK.cfg
File: xeCJK.cfg 2019/04/07 v3.7.2 Configuration file for xeCJK package
))
(d:/Programe/tex2019/texlive/2019/texmf-dist/tex/xelatex/xecjk/xeCJKfntef.sty
Package: xeCJKfntef 2019/04/07 v3.7.2 xeCJK font effect

(d:/Programe/tex2019/texlive/2019/texmf-dist/tex/generic/ulem/ulem.sty
\UL@box=\box47
\UL@hyphenbox=\box48
\UL@skip=\skip56
\UL@hook=\toks14
\UL@height=\dimen168
\UL@pe=\count270
\UL@pixel=\dimen169
\ULC@box=\box49
Package: ulem 2012/05/18
\ULdepth=\dimen170
)
(d:/Programe/tex2019/texlive/2019/texmf-dist/tex/latex/cjk/texinput/CJKfntef.st
y
Package: CJKfntef 2015/04/18 4.8.4
\CJK@fntefSkip=\skip57
\CJK@nest=\count271
\CJK@fntefDimen=\dimen171
\CJK@underdotBox=\box50
\CJK@ULbox=\box51
\CJK@underanyskip=\dimen172
)
\l__xeCJK_space_skip=\skip58
\c__xeCJK_ulem-begin_node_dim=\dimen173
\c__xeCJK_null_box=\box52
\l__xeCJK_fntef_box=\box53
\l__xeCJK_under_symbol_box=\box54
\c__xeCJK_filll_skip=\skip59
)
\ccwd=\dimen174
\l__ctex_ccglue_skip=\skip60
)
\l__ctex_ziju_dim=\dimen175

(d:/Programe/tex2019/texlive/2019/texmf-dist/tex/latex/zhnumber/zhnumber.sty
Package: zhnumber 2019/04/07 v2.7 Typesetting numbers with Chinese glyphs
\l__zhnum_scale_int=\count272

(d:/Programe/tex2019/texlive/2019/texmf-dist/tex/latex/zhnumber/zhnumber-utf8.c
fg
File: zhnumber-utf8.cfg 2019/04/07 v2.7 Chinese numerals with UTF8 encoding
))
\l__ctex_heading_skip=\skip61

(d:/Programe/tex2019/texlive/2019/texmf-dist/tex/latex/ctex/scheme/ctex-scheme-
chinese-book.def
File: ctex-scheme-chinese-book.def 2019/04/07 v2.4.15 Chinese scheme for book (
CTEX)

(d:/Programe/tex2019/texlive/2019/texmf-dist/tex/latex/ctex/config/ctex-name-ut
f8.cfg
File: ctex-name-utf8.cfg 2019/04/07 v2.4.15 Caption with encoding UTF8 (CTEX)
))
(d:/Programe/tex2019/texlive/2019/texmf-dist/tex/latex/ctex/fontset/ctex-fontse
t-windows.def
File: ctex-fontset-windows.def 2019/04/07 v2.4.15 Windows fonts definition (CTE
X)

(d:/Programe/tex2019/texlive/2019/texmf-dist/tex/latex/ctex/fontset/ctex-fontse
t-windowsnew.def
File: ctex-fontset-windowsnew.def 2019/04/07 v2.4.15 Windows fonts definition f
or Vista or later version (CTEX)

Package fontspec Info: Could not resolve font "KaiTi/B" (it probably doesn't
(fontspec)             exist).


Package fontspec Info: Could not resolve font "SimHei/I" (it probably doesn't
(fontspec)             exist).


Package fontspec Info: Could not resolve font "SimSun/BI" (it probably doesn't
(fontspec)             exist).


Package fontspec Info: Font family 'SimSun(0)' created for font 'SimSun' with
(fontspec)             options
(fontspec)             [Script={CJK},BoldFont={SimHei},ItalicFont={KaiTi}].
(fontspec)              
(fontspec)              This font family consists of the following NFSS
(fontspec)             series/shapes:
(fontspec)              
(fontspec)             - 'normal' (m/n) with NFSS spec.:
(fontspec)             <->"SimSun/OT:script=hani;language=DFLT;"
(fontspec)             - 'small caps'  (m/sc) with NFSS spec.: 
(fontspec)             - 'bold' (bx/n) with NFSS spec.:
(fontspec)             <->"SimHei/OT:script=hani;language=DFLT;"
(fontspec)             - 'bold small caps'  (bx/sc) with NFSS spec.: 
(fontspec)             - 'italic' (m/it) with NFSS spec.:
(fontspec)             <->"KaiTi/OT:script=hani;language=DFLT;"
(fontspec)             - 'italic small caps'  (m/itsc) with NFSS spec.: 

)))
(d:/Programe/tex2019/texlive/2019/texmf-dist/tex/latex/ctex/config/ctex.cfg
File: ctex.cfg 2019/04/07 v2.4.15 Configuration file (CTEX)
)
(d:/Programe/tex2019/texlive/2019/texmf-dist/tex/latex/pdfpages/pdfpages.sty
Package: pdfpages 2017/10/31 v0.5l Insert pages of external PDF documents (AM)

(d:/Programe/tex2019/texlive/2019/texmf-dist/tex/latex/base/ifthen.sty
Package: ifthen 2014/09/29 v1.1c Standard LaTeX ifthen package (DPC)
)
(d:/Programe/tex2019/texlive/2019/texmf-dist/tex/latex/tools/calc.sty
Package: calc 2017/05/25 v4.3 Infix arithmetic (KKT,FJ)
\calc@Acount=\count273
\calc@Bcount=\count274
\calc@Adimen=\dimen176
\calc@Bdimen=\dimen177
\calc@Askip=\skip62
\calc@Bskip=\skip63
LaTeX Info: Redefining \setlength on input line 80.
LaTeX Info: Redefining \addtolength on input line 81.
\calc@Ccount=\count275
\calc@Cskip=\skip64
)
(d:/Programe/tex2019/texlive/2019/texmf-dist/tex/latex/eso-pic/eso-pic.sty
Package: eso-pic 2018/04/12 v2.0h eso-pic (RN)

(d:/Programe/tex2019/texlive/2019/texmf-dist/tex/generic/oberdiek/atbegshi.sty
Package: atbegshi 2016/06/09 v1.18 At begin shipout hook (HO)

(d:/Programe/tex2019/texlive/2019/texmf-dist/tex/generic/oberdiek/infwarerr.sty
Package: infwarerr 2016/05/16 v1.4 Providing info/warning/error messages (HO)
) (d:/Programe/tex2019/texlive/2019/texmf-dist/tex/generic/oberdiek/ltxcmds.sty
Package: ltxcmds 2016/05/16 v1.23 LaTeX kernel commands for general use (HO)
) (d:/Programe/tex2019/texlive/2019/texmf-dist/tex/generic/oberdiek/ifpdf.sty
Package: ifpdf 2018/09/07 v3.3 Provides the ifpdf switch
)) (d:/Programe/tex2019/texlive/2019/texmf-dist/tex/latex/graphics/keyval.sty
Package: keyval 2014/10/28 v1.15 key=value parser (DPC)
\KV@toks@=\toks15
)
(d:/Programe/tex2019/texlive/2019/texmf-dist/tex/latex/xcolor/xcolor.sty
Package: xcolor 2016/05/11 v2.12 LaTeX color extensions (UK)

(d:/Programe/tex2019/texlive/2019/texmf-dist/tex/latex/graphics-cfg/color.cfg
File: color.cfg 2016/01/02 v1.6 sample color configuration
)
Package xcolor Info: Driver file: xetex.def on input line 225.

(d:/Programe/tex2019/texlive/2019/texmf-dist/tex/latex/graphics-def/xetex.def
File: xetex.def 2017/06/24 v5.0h Graphics/color driver for xetex
)
Package xcolor Info: Model `cmy' substituted by `cmy0' on input line 1348.
Package xcolor Info: Model `RGB' extended on input line 1364.
Package xcolor Info: Model `HTML' substituted by `rgb' on input line 1366.
Package xcolor Info: Model `Hsb' substituted by `hsb' on input line 1367.
Package xcolor Info: Model `tHsb' substituted by `hsb' on input line 1368.
Package xcolor Info: Model `HSB' substituted by `hsb' on input line 1369.
Package xcolor Info: Model `Gray' substituted by `gray' on input line 1370.
Package xcolor Info: Model `wave' substituted by `hsb' on input line 1371.
)) (d:/Programe/tex2019/texlive/2019/texmf-dist/tex/latex/graphics/graphicx.sty
Package: graphicx 2017/06/01 v1.1a Enhanced LaTeX Graphics (DPC,SPQR)

(d:/Programe/tex2019/texlive/2019/texmf-dist/tex/latex/graphics/graphics.sty
Package: graphics 2017/06/25 v1.2c Standard LaTeX Graphics (DPC,SPQR)

(d:/Programe/tex2019/texlive/2019/texmf-dist/tex/latex/graphics/trig.sty
Package: trig 2016/01/03 v1.10 sin cos tan (DPC)
)
(d:/Programe/tex2019/texlive/2019/texmf-dist/tex/latex/graphics-cfg/graphics.cf
g
File: graphics.cfg 2016/06/04 v1.11 sample graphics configuration
)
Package graphics Info: Driver file: xetex.def on input line 99.
)
\Gin@req@height=\dimen178
\Gin@req@width=\dimen179
)
\AM@pagewidth=\dimen180
\AM@pageheight=\dimen181

(d:/Programe/tex2019/texlive/2019/texmf-dist/tex/latex/pdfpages/ppxetex.def
File: ppxetex.def 2017/10/31 v0.5l Pdfpages driver for XeTeX (AM)
)
\AM@pagebox=\box55
\AM@global@opts=\toks16
\AM@toc@title=\toks17
\c@AM@survey=\count276
\AM@templatesizebox=\box56
)
\bibdata{alpha}
(./main.bbl)
(d:/Programe/tex2019/texlive/2019/texmf-dist/tex/latex/varwidth/varwidth.sty
Package: varwidth 2009/03/30 ver 0.92;  Variable-width minipages
\@vwid@box=\box57
\sift@deathcycles=\count277
\@vwid@loff=\dimen182
\@vwid@roff=\dimen183
)
(d:/Programe/tex2019/texlive/2019/texmf-dist/tex/latex/psnfss/mathpazo.sty
Package: mathpazo 2005/04/12 PSNFSS-v9.2a Palatino w/ Pazo Math (D.Puga, WaS) 
\symupright=\mathgroup4
)
(d:/Programe/tex2019/texlive/2019/texmf-dist/tex/latex/tools/bm.sty
Package: bm 2017/01/16 v1.2c Bold Symbol Support (DPC/FMi)
\symboldoperators=\mathgroup5
\symboldletters=\mathgroup6
\symboldsymbols=\mathgroup7
\symboldupright=\mathgroup8
LaTeX Font Info:    Redeclaring math alphabet \mathbf on input line 141.
LaTeX Info: Redefining \bm on input line 207.
)
(d:/Programe/tex2019/texlive/2019/texmf-dist/tex/latex/pgf/frontendlayer/tikz.s
ty
(d:/Programe/tex2019/texlive/2019/texmf-dist/tex/latex/pgf/basiclayer/pgf.sty
(d:/Programe/tex2019/texlive/2019/texmf-dist/tex/latex/pgf/utilities/pgfrcs.sty

(d:/Programe/tex2019/texlive/2019/texmf-dist/tex/generic/pgf/utilities/pgfutil-
common.tex
\pgfutil@everybye=\toks18
\pgfutil@tempdima=\dimen184
\pgfutil@tempdimb=\dimen185

(d:/Programe/tex2019/texlive/2019/texmf-dist/tex/generic/pgf/utilities/pgfutil-
common-lists.tex))
(d:/Programe/tex2019/texlive/2019/texmf-dist/tex/generic/pgf/utilities/pgfutil-
latex.def
\pgfutil@abb=\box58

(d:/Programe/tex2019/texlive/2019/texmf-dist/tex/latex/ms/everyshi.sty
Package: everyshi 2001/05/15 v3.00 EveryShipout Package (MS)
))
(d:/Programe/tex2019/texlive/2019/texmf-dist/tex/generic/pgf/utilities/pgfrcs.c
ode.tex
(d:/Programe/tex2019/texlive/2019/texmf-dist/tex/generic/pgf/pgf.revision.tex)
Package: pgfrcs 2019/02/02 v3.1.1 (3.1.1)
))
Package: pgf 2019/02/02 v3.1.1 (3.1.1)

(d:/Programe/tex2019/texlive/2019/texmf-dist/tex/latex/pgf/basiclayer/pgfcore.s
ty
(d:/Programe/tex2019/texlive/2019/texmf-dist/tex/latex/pgf/systemlayer/pgfsys.s
ty
(d:/Programe/tex2019/texlive/2019/texmf-dist/tex/generic/pgf/systemlayer/pgfsys
.code.tex
Package: pgfsys 2019/02/02 v3.1.1 (3.1.1)

(d:/Programe/tex2019/texlive/2019/texmf-dist/tex/generic/pgf/utilities/pgfkeys.
code.tex
\pgfkeys@pathtoks=\toks19
\pgfkeys@temptoks=\toks20

(d:/Programe/tex2019/texlive/2019/texmf-dist/tex/generic/pgf/utilities/pgfkeysf
iltered.code.tex
\pgfkeys@tmptoks=\toks21
))
\pgf@x=\dimen186
\pgf@y=\dimen187
\pgf@xa=\dimen188
\pgf@ya=\dimen189
\pgf@xb=\dimen190
\pgf@yb=\dimen191
\pgf@xc=\dimen192
\pgf@yc=\dimen193
\w@pgf@writea=\write3
\r@pgf@reada=\read2
\c@pgf@counta=\count278
\c@pgf@countb=\count279
\c@pgf@countc=\count280
\c@pgf@countd=\count281
\t@pgf@toka=\toks22
\t@pgf@tokb=\toks23
\t@pgf@tokc=\toks24
\pgf@sys@id@count=\count282

(d:/Programe/tex2019/texlive/2019/texmf-dist/tex/generic/pgf/systemlayer/pgf.cf
g
File: pgf.cfg 2019/02/02 v3.1.1 (3.1.1)
)
Driver file for pgf: pgfsys-xetex.def

(d:/Programe/tex2019/texlive/2019/texmf-dist/tex/generic/pgf/systemlayer/pgfsys
-xetex.def
File: pgfsys-xetex.def 2019/02/02 v3.1.1 (3.1.1)

(d:/Programe/tex2019/texlive/2019/texmf-dist/tex/generic/pgf/systemlayer/pgfsys
-dvipdfmx.def
File: pgfsys-dvipdfmx.def 2019/02/02 v3.1.1 (3.1.1)

(d:/Programe/tex2019/texlive/2019/texmf-dist/tex/generic/pgf/systemlayer/pgfsys
-common-pdf.def
File: pgfsys-common-pdf.def 2019/02/02 v3.1.1 (3.1.1)
)
\pgfsys@objnum=\count283
)))
(d:/Programe/tex2019/texlive/2019/texmf-dist/tex/generic/pgf/systemlayer/pgfsys
softpath.code.tex
File: pgfsyssoftpath.code.tex 2019/02/02 v3.1.1 (3.1.1)
\pgfsyssoftpath@smallbuffer@items=\count284
\pgfsyssoftpath@bigbuffer@items=\count285
)
(d:/Programe/tex2019/texlive/2019/texmf-dist/tex/generic/pgf/systemlayer/pgfsys
protocol.code.tex
File: pgfsysprotocol.code.tex 2019/02/02 v3.1.1 (3.1.1)
))
(d:/Programe/tex2019/texlive/2019/texmf-dist/tex/generic/pgf/basiclayer/pgfcore
.code.tex
Package: pgfcore 2019/02/02 v3.1.1 (3.1.1)

(d:/Programe/tex2019/texlive/2019/texmf-dist/tex/generic/pgf/math/pgfmath.code.
tex
(d:/Programe/tex2019/texlive/2019/texmf-dist/tex/generic/pgf/math/pgfmathcalc.c
ode.tex
(d:/Programe/tex2019/texlive/2019/texmf-dist/tex/generic/pgf/math/pgfmathutil.c
ode.tex)
(d:/Programe/tex2019/texlive/2019/texmf-dist/tex/generic/pgf/math/pgfmathparser
.code.tex
\pgfmath@dimen=\dimen194
\pgfmath@count=\count286
\pgfmath@box=\box59
\pgfmath@toks=\toks25
\pgfmath@stack@operand=\toks26
\pgfmath@stack@operation=\toks27
)
(d:/Programe/tex2019/texlive/2019/texmf-dist/tex/generic/pgf/math/pgfmathfuncti
ons.code.tex
(d:/Programe/tex2019/texlive/2019/texmf-dist/tex/generic/pgf/math/pgfmathfuncti
ons.basic.code.tex)
(d:/Programe/tex2019/texlive/2019/texmf-dist/tex/generic/pgf/math/pgfmathfuncti
ons.trigonometric.code.tex)
(d:/Programe/tex2019/texlive/2019/texmf-dist/tex/generic/pgf/math/pgfmathfuncti
ons.random.code.tex)
(d:/Programe/tex2019/texlive/2019/texmf-dist/tex/generic/pgf/math/pgfmathfuncti
ons.comparison.code.tex)
(d:/Programe/tex2019/texlive/2019/texmf-dist/tex/generic/pgf/math/pgfmathfuncti
ons.base.code.tex)
(d:/Programe/tex2019/texlive/2019/texmf-dist/tex/generic/pgf/math/pgfmathfuncti
ons.round.code.tex)
(d:/Programe/tex2019/texlive/2019/texmf-dist/tex/generic/pgf/math/pgfmathfuncti
ons.misc.code.tex)
(d:/Programe/tex2019/texlive/2019/texmf-dist/tex/generic/pgf/math/pgfmathfuncti
ons.integerarithmetics.code.tex)))
(d:/Programe/tex2019/texlive/2019/texmf-dist/tex/generic/pgf/math/pgfmathfloat.
code.tex
\c@pgfmathroundto@lastzeros=\count287
))
(d:/Programe/tex2019/texlive/2019/texmf-dist/tex/generic/pgf/basiclayer/pgfcore
points.code.tex
File: pgfcorepoints.code.tex 2019/02/02 v3.1.1 (3.1.1)
\pgf@picminx=\dimen195
\pgf@picmaxx=\dimen196
\pgf@picminy=\dimen197
\pgf@picmaxy=\dimen198
\pgf@pathminx=\dimen199
\pgf@pathmaxx=\dimen256
\pgf@pathminy=\dimen257
\pgf@pathmaxy=\dimen258
\pgf@xx=\dimen259
\pgf@xy=\dimen260
\pgf@yx=\dimen261
\pgf@yy=\dimen262
\pgf@zx=\dimen263
\pgf@zy=\dimen264
)
(d:/Programe/tex2019/texlive/2019/texmf-dist/tex/generic/pgf/basiclayer/pgfcore
pathconstruct.code.tex
File: pgfcorepathconstruct.code.tex 2019/02/02 v3.1.1 (3.1.1)
\pgf@path@lastx=\dimen265
\pgf@path@lasty=\dimen266
)
(d:/Programe/tex2019/texlive/2019/texmf-dist/tex/generic/pgf/basiclayer/pgfcore
pathusage.code.tex
File: pgfcorepathusage.code.tex 2019/02/02 v3.1.1 (3.1.1)
\pgf@shorten@end@additional=\dimen267
\pgf@shorten@start@additional=\dimen268
)
(d:/Programe/tex2019/texlive/2019/texmf-dist/tex/generic/pgf/basiclayer/pgfcore
scopes.code.tex
File: pgfcorescopes.code.tex 2019/02/02 v3.1.1 (3.1.1)
\pgfpic=\box60
\pgf@hbox=\box61
\pgf@layerbox@main=\box62
\pgf@picture@serial@count=\count288
)
(d:/Programe/tex2019/texlive/2019/texmf-dist/tex/generic/pgf/basiclayer/pgfcore
graphicstate.code.tex
File: pgfcoregraphicstate.code.tex 2019/02/02 v3.1.1 (3.1.1)
\pgflinewidth=\dimen269
)
(d:/Programe/tex2019/texlive/2019/texmf-dist/tex/generic/pgf/basiclayer/pgfcore
transformations.code.tex
File: pgfcoretransformations.code.tex 2019/02/02 v3.1.1 (3.1.1)
\pgf@pt@x=\dimen270
\pgf@pt@y=\dimen271
\pgf@pt@temp=\dimen272
)
(d:/Programe/tex2019/texlive/2019/texmf-dist/tex/generic/pgf/basiclayer/pgfcore
quick.code.tex
File: pgfcorequick.code.tex 2019/02/02 v3.1.1 (3.1.1)
)
(d:/Programe/tex2019/texlive/2019/texmf-dist/tex/generic/pgf/basiclayer/pgfcore
objects.code.tex
File: pgfcoreobjects.code.tex 2019/02/02 v3.1.1 (3.1.1)
)
(d:/Programe/tex2019/texlive/2019/texmf-dist/tex/generic/pgf/basiclayer/pgfcore
pathprocessing.code.tex
File: pgfcorepathprocessing.code.tex 2019/02/02 v3.1.1 (3.1.1)
)
(d:/Programe/tex2019/texlive/2019/texmf-dist/tex/generic/pgf/basiclayer/pgfcore
arrows.code.tex
File: pgfcorearrows.code.tex 2019/02/02 v3.1.1 (3.1.1)
\pgfarrowsep=\dimen273
)
(d:/Programe/tex2019/texlive/2019/texmf-dist/tex/generic/pgf/basiclayer/pgfcore
shade.code.tex
File: pgfcoreshade.code.tex 2019/02/02 v3.1.1 (3.1.1)
\pgf@max=\dimen274
\pgf@sys@shading@range@num=\count289
)
(d:/Programe/tex2019/texlive/2019/texmf-dist/tex/generic/pgf/basiclayer/pgfcore
image.code.tex
File: pgfcoreimage.code.tex 2019/02/02 v3.1.1 (3.1.1)

(d:/Programe/tex2019/texlive/2019/texmf-dist/tex/generic/pgf/basiclayer/pgfcore
external.code.tex
File: pgfcoreexternal.code.tex 2019/02/02 v3.1.1 (3.1.1)
\pgfexternal@startupbox=\box63
))
(d:/Programe/tex2019/texlive/2019/texmf-dist/tex/generic/pgf/basiclayer/pgfcore
layers.code.tex
File: pgfcorelayers.code.tex 2019/02/02 v3.1.1 (3.1.1)
)
(d:/Programe/tex2019/texlive/2019/texmf-dist/tex/generic/pgf/basiclayer/pgfcore
transparency.code.tex
File: pgfcoretransparency.code.tex 2019/02/02 v3.1.1 (3.1.1)
)
(d:/Programe/tex2019/texlive/2019/texmf-dist/tex/generic/pgf/basiclayer/pgfcore
patterns.code.tex
File: pgfcorepatterns.code.tex 2019/02/02 v3.1.1 (3.1.1)
)
(d:/Programe/tex2019/texlive/2019/texmf-dist/tex/generic/pgf/basiclayer/pgfcore
rdf.code.tex
File: pgfcorerdf.code.tex 2019/02/02 v3.1.1 (3.1.1)
)))
(d:/Programe/tex2019/texlive/2019/texmf-dist/tex/generic/pgf/modules/pgfmodules
hapes.code.tex
File: pgfmoduleshapes.code.tex 2019/02/02 v3.1.1 (3.1.1)
\pgfnodeparttextbox=\box64
)
(d:/Programe/tex2019/texlive/2019/texmf-dist/tex/generic/pgf/modules/pgfmodulep
lot.code.tex
File: pgfmoduleplot.code.tex 2019/02/02 v3.1.1 (3.1.1)
)
(d:/Programe/tex2019/texlive/2019/texmf-dist/tex/latex/pgf/compatibility/pgfcom
p-version-0-65.sty
Package: pgfcomp-version-0-65 2019/02/02 v3.1.1 (3.1.1)
\pgf@nodesepstart=\dimen275
\pgf@nodesepend=\dimen276
)
(d:/Programe/tex2019/texlive/2019/texmf-dist/tex/latex/pgf/compatibility/pgfcom
p-version-1-18.sty
Package: pgfcomp-version-1-18 2019/02/02 v3.1.1 (3.1.1)
))
(d:/Programe/tex2019/texlive/2019/texmf-dist/tex/latex/pgf/utilities/pgffor.sty

(d:/Programe/tex2019/texlive/2019/texmf-dist/tex/latex/pgf/utilities/pgfkeys.st
y
(d:/Programe/tex2019/texlive/2019/texmf-dist/tex/generic/pgf/utilities/pgfkeys.
code.tex))
(d:/Programe/tex2019/texlive/2019/texmf-dist/tex/latex/pgf/math/pgfmath.sty
(d:/Programe/tex2019/texlive/2019/texmf-dist/tex/generic/pgf/math/pgfmath.code.
tex))
(d:/Programe/tex2019/texlive/2019/texmf-dist/tex/generic/pgf/utilities/pgffor.c
ode.tex
Package: pgffor 2019/02/02 v3.1.1 (3.1.1)

(d:/Programe/tex2019/texlive/2019/texmf-dist/tex/generic/pgf/math/pgfmath.code.
tex)
\pgffor@iter=\dimen277
\pgffor@skip=\dimen278
\pgffor@stack=\toks28
\pgffor@toks=\toks29
))
(d:/Programe/tex2019/texlive/2019/texmf-dist/tex/generic/pgf/frontendlayer/tikz
/tikz.code.tex
Package: tikz 2019/02/02 v3.1.1 (3.1.1)

(d:/Programe/tex2019/texlive/2019/texmf-dist/tex/generic/pgf/libraries/pgflibra
ryplothandlers.code.tex
File: pgflibraryplothandlers.code.tex 2019/02/02 v3.1.1 (3.1.1)
\pgf@plot@mark@count=\count290
\pgfplotmarksize=\dimen279
)
\tikz@lastx=\dimen280
\tikz@lasty=\dimen281
\tikz@lastxsaved=\dimen282
\tikz@lastysaved=\dimen283
\tikzleveldistance=\dimen284
\tikzsiblingdistance=\dimen285
\tikz@figbox=\box65
\tikz@figbox@bg=\box66
\tikz@tempbox=\box67
\tikz@tempbox@bg=\box68
\tikztreelevel=\count291
\tikznumberofchildren=\count292
\tikznumberofcurrentchild=\count293
\tikz@fig@count=\count294

(d:/Programe/tex2019/texlive/2019/texmf-dist/tex/generic/pgf/modules/pgfmodulem
atrix.code.tex
File: pgfmodulematrix.code.tex 2019/02/02 v3.1.1 (3.1.1)
\pgfmatrixcurrentrow=\count295
\pgfmatrixcurrentcolumn=\count296
\pgf@matrix@numberofcolumns=\count297
)
\tikz@expandcount=\count298

(d:/Programe/tex2019/texlive/2019/texmf-dist/tex/generic/pgf/frontendlayer/tikz
/libraries/tikzlibrarytopaths.code.tex
File: tikzlibrarytopaths.code.tex 2019/02/02 v3.1.1 (3.1.1)
)))
(d:/Programe/tex2019/texlive/2019/texmf-dist/tex/latex/caption/caption.sty
Package: caption 2018/10/06 v3.3-154 Customizing captions (AR)

(d:/Programe/tex2019/texlive/2019/texmf-dist/tex/latex/caption/caption3.sty
Package: caption3 2018/09/12 v1.8c caption3 kernel (AR)
Package caption3 Info: TeX engine: e-TeX on input line 64.
\captionmargin=\dimen286
\captionmargin@=\dimen287
\captionwidth=\dimen288
\caption@tempdima=\dimen289
\caption@indent=\dimen290
\caption@parindent=\dimen291
\caption@hangindent=\dimen292
)
\c@caption@flags=\count299
\c@ContinuedFloat=\count300
)
(d:/Programe/tex2019/texlive/2019/texmf-dist/tex/latex/subfigure/subfigure.sty
Package: subfigure 2002/03/15 v2.1.5 subfigure package
\subfigtopskip=\skip65
\subfigcapskip=\skip66
\subfigcaptopadj=\dimen293
\subfigbottomskip=\skip67
\subfigcapmargin=\dimen294
\subfiglabelskip=\skip68
\c@subfigure=\count301
\c@lofdepth=\count302
\c@subtable=\count303
\c@lotdepth=\count304

****************************************
* Local config file subfigure.cfg used *
****************************************
(d:/Programe/tex2019/texlive/2019/texmf-dist/tex/latex/subfigure/subfigure.cfg)
\subfig@top=\skip69
\subfig@bottom=\skip70
) (d:/Programe/tex2019/texlive/2019/texmf-dist/tex/latex/base/inputenc.sty
Package: inputenc 2018/08/11 v1.3c Input encoding file
\inpenc@prehook=\toks30
\inpenc@posthook=\toks31


Package inputenc Warning: inputenc package ignored with utf8 based engines.

)
(d:/Programe/tex2019/texlive/2019/texmf-dist/tex/latex/wallpaper/wallpaper.sty
Package: wallpaper 2005/01/18, v1.01 easy wallpaper formatting (MHFW)
\wpXoffset=\skip71
\wpYoffset=\skip72
\tileXoffset=\skip73
\tileYoffset=\skip74
\tilewidth=\skip75
\tileheight=\skip76
\tileX=\skip77
\tileY=\skip78
) (d:/Programe/tex2019/texlive/2019/texmf-dist/tex/latex/geometry/geometry.sty
Package: geometry 2018/04/16 v5.8 Page Geometry

(d:/Programe/tex2019/texlive/2019/texmf-dist/tex/generic/oberdiek/ifvtex.sty
Package: ifvtex 2016/05/16 v1.6 Detect VTeX and its facilities (HO)
Package ifvtex Info: VTeX not detected.
)
(d:/Programe/tex2019/texlive/2019/texmf-dist/tex/generic/ifxetex/ifxetex.sty
Package: ifxetex 2010/09/12 v0.6 Provides ifxetex conditional
)
\Gm@cnth=\count305
\Gm@cntv=\count306
\c@Gm@tempcnt=\count307
\Gm@bindingoffset=\dimen295
\Gm@wd@mp=\dimen296
\Gm@odd@mp=\dimen297
\Gm@even@mp=\dimen298
\Gm@layoutwidth=\dimen299
\Gm@layoutheight=\dimen300
\Gm@layouthoffset=\dimen301
\Gm@layoutvoffset=\dimen302
\Gm@dimlist=\toks32
)
(d:/Programe/tex2019/texlive/2019/texmf-dist/tex/latex/hyperref/hyperref.sty
Package: hyperref 2018/11/30 v6.88e Hypertext links for LaTeX

(d:/Programe/tex2019/texlive/2019/texmf-dist/tex/generic/oberdiek/hobsub-hyperr
ef.sty
Package: hobsub-hyperref 2016/05/16 v1.14 Bundle oberdiek, subset hyperref (HO)


(d:/Programe/tex2019/texlive/2019/texmf-dist/tex/generic/oberdiek/hobsub-generi
c.sty
Package: hobsub-generic 2016/05/16 v1.14 Bundle oberdiek, subset generic (HO)
Package: hobsub 2016/05/16 v1.14 Construct package bundles (HO)
Package hobsub Info: Skipping package `infwarerr' (already loaded).
Package hobsub Info: Skipping package `ltxcmds' (already loaded).
Package: ifluatex 2016/05/16 v1.4 Provides the ifluatex switch (HO)
Package ifluatex Info: LuaTeX not detected.
Package hobsub Info: Skipping package `ifvtex' (already loaded).
Package: intcalc 2016/05/16 v1.2 Expandable calculations with integers (HO)
Package hobsub Info: Skipping package `ifpdf' (already loaded).
Package: etexcmds 2016/05/16 v1.6 Avoid name clashes with e-TeX commands (HO)
Package: kvsetkeys 2016/05/16 v1.17 Key value parser (HO)
Package: kvdefinekeys 2016/05/16 v1.4 Define keys (HO)
Package: pdftexcmds 2018/09/10 v0.29 Utility functions of pdfTeX for LuaTeX (HO
)
Package pdftexcmds Info: LuaTeX not detected.
Package pdftexcmds Info: pdfTeX >= 1.30 not detected.
Package pdftexcmds Info: \pdf@primitive is available.
Package pdftexcmds Info: \pdf@ifprimitive is available.
Package pdftexcmds Info: \pdfdraftmode not found.
Package: pdfescape 2016/05/16 v1.14 Implements pdfTeX's escape features (HO)
Package: bigintcalc 2016/05/16 v1.4 Expandable calculations on big integers (HO
)
Package: bitset 2016/05/16 v1.2 Handle bit-vector datatype (HO)
Package: uniquecounter 2016/05/16 v1.3 Provide unlimited unique counter (HO)
)
Package hobsub Info: Skipping package `hobsub' (already loaded).
Package: letltxmacro 2016/05/16 v1.5 Let assignment for LaTeX macros (HO)
Package: hopatch 2016/05/16 v1.3 Wrapper for package hooks (HO)
Package: xcolor-patch 2016/05/16 xcolor patch
Package: atveryend 2016/05/16 v1.9 Hooks at the very end of document (HO)
Package atveryend Info: \enddocument detected (standard20110627).
Package hobsub Info: Skipping package `atbegshi' (already loaded).
Package: refcount 2016/05/16 v3.5 Data extraction from label references (HO)
Package: hycolor 2016/05/16 v1.8 Color options for hyperref/bookmark (HO)
)
(d:/Programe/tex2019/texlive/2019/texmf-dist/tex/latex/oberdiek/auxhook.sty
Package: auxhook 2016/05/16 v1.4 Hooks for auxiliary files (HO)
)
(d:/Programe/tex2019/texlive/2019/texmf-dist/tex/latex/oberdiek/kvoptions.sty
Package: kvoptions 2016/05/16 v3.12 Key value format for package options (HO)
)
\@linkdim=\dimen303
\Hy@linkcounter=\count308
\Hy@pagecounter=\count309

(d:/Programe/tex2019/texlive/2019/texmf-dist/tex/latex/hyperref/pd1enc.def
File: pd1enc.def 2018/11/30 v6.88e Hyperref: PDFDocEncoding definition (HO)
)
\Hy@SavedSpaceFactor=\count310

(d:/Programe/tex2019/texlive/2019/texmf-dist/tex/latex/latexconfig/hyperref.cfg
File: hyperref.cfg 2002/06/06 v1.2 hyperref configuration of TeXLive
)
Package hyperref Info: Option `unicode' set `true' on input line 4393.
 (d:/Programe/tex2019/texlive/2019/texmf-dist/tex/latex/hyperref/puenc.def
File: puenc.def 2018/11/30 v6.88e Hyperref: PDF Unicode definition (HO)
)
Package hyperref Info: Hyper figures OFF on input line 4519.
Package hyperref Info: Link nesting OFF on input line 4524.
Package hyperref Info: Hyper index ON on input line 4527.
Package hyperref Info: Plain pages OFF on input line 4534.
Package hyperref Info: Backreferencing OFF on input line 4539.
Package hyperref Info: Implicit mode ON; LaTeX internals redefined.
Package hyperref Info: Bookmarks ON on input line 4772.
\c@Hy@tempcnt=\count311

(d:/Programe/tex2019/texlive/2019/texmf-dist/tex/latex/url/url.sty
\Urlmuskip=\muskip17
Package: url 2013/09/16  ver 3.4  Verb mode for urls, etc.
)
LaTeX Info: Redefining \url on input line 5125.
\XeTeXLinkMargin=\dimen304
\Fld@menulength=\count312
\Field@Width=\dimen305
\Fld@charsize=\dimen306
Package hyperref Info: Hyper figures OFF on input line 6380.
Package hyperref Info: Link nesting OFF on input line 6385.
Package hyperref Info: Hyper index ON on input line 6388.
Package hyperref Info: backreferencing OFF on input line 6395.
Package hyperref Info: Link coloring OFF on input line 6400.
Package hyperref Info: Link coloring with OCG OFF on input line 6405.
Package hyperref Info: PDF/A mode OFF on input line 6410.
LaTeX Info: Redefining \ref on input line 6450.
LaTeX Info: Redefining \pageref on input line 6454.
\Hy@abspage=\count313
\c@Item=\count314
\c@Hfootnote=\count315
)
Package hyperref Info: Driver (autodetected): hxetex.

(d:/Programe/tex2019/texlive/2019/texmf-dist/tex/latex/hyperref/hxetex.def
File: hxetex.def 2018/11/30 v6.88e Hyperref driver for XeTeX

(d:/Programe/tex2019/texlive/2019/texmf-dist/tex/generic/oberdiek/stringenc.sty
Package: stringenc 2016/05/16 v1.11 Convert strings between diff. encodings (HO
)
)
\pdfm@box=\box69
\c@Hy@AnnotLevel=\count316
\HyField@AnnotCount=\count317
\Fld@listcount=\count318
\c@bookmark@seq@number=\count319

(d:/Programe/tex2019/texlive/2019/texmf-dist/tex/latex/oberdiek/rerunfilecheck.
sty
Package: rerunfilecheck 2016/05/16 v1.8 Rerun checks for auxiliary files (HO)
Package uniquecounter Info: New unique counter `rerunfilecheck' on input line 2
82.
)
\Hy@SectionHShift=\skip79
)
Package hyperref Info: Option `colorlinks' set `true' on input line 62.


Package hyperref Warning: Option `bookmarks' has already been used,
(hyperref)                setting the option has no effect on input line 62.

Package hyperref Info: Option `bookmarksopen' set `true' on input line 62.
(./main.aux (./TeX_files/Information.aux) (./TeX_files/introduction.aux)
(./TeX_files/case.aux) (./TeX_files/chapter01.aux))
\openout1 = `main.aux'.

LaTeX Font Info:    Checking defaults for OML/cmm/m/it on input line 64.
LaTeX Font Info:    ... okay on input line 64.
LaTeX Font Info:    Checking defaults for T1/cmr/m/n on input line 64.
LaTeX Font Info:    ... okay on input line 64.
LaTeX Font Info:    Checking defaults for OT1/cmr/m/n on input line 64.
LaTeX Font Info:    ... okay on input line 64.
LaTeX Font Info:    Checking defaults for OMS/cmsy/m/n on input line 64.
LaTeX Font Info:    ... okay on input line 64.
LaTeX Font Info:    Checking defaults for TU/lmr/m/n on input line 64.
LaTeX Font Info:    ... okay on input line 64.
LaTeX Font Info:    Checking defaults for OMX/cmex/m/n on input line 64.
LaTeX Font Info:    ... okay on input line 64.
LaTeX Font Info:    Checking defaults for U/cmr/m/n on input line 64.
LaTeX Font Info:    ... okay on input line 64.
LaTeX Font Info:    Checking defaults for TS1/cmr/m/n on input line 64.
LaTeX Font Info:    ... okay on input line 64.
LaTeX Font Info:    Checking defaults for PD1/pdf/m/n on input line 64.
LaTeX Font Info:    ... okay on input line 64.
LaTeX Font Info:    Checking defaults for PU/pdf/m/n on input line 64.
LaTeX Font Info:    ... okay on input line 64.
LaTeX Font Info:    Try loading font information for TU+ppl on input line 64.
LaTeX Font Info:    No file TUppl.fd. on input line 64.


LaTeX Font Warning: Font shape `TU/ppl/m/n' undefined
(Font)              using `TU/lmr/m/n' instead on input line 64.

ABD: EverySelectfont initializing macros
LaTeX Info: Redefining \selectfont on input line 64.
\AtBeginShipoutBox=\box70

(d:/Programe/tex2019/texlive/2019/texmf-dist/tex/latex/oberdiek/pdflscape.sty
Package: pdflscape 2016/05/14 v0.11 Display of landscape pages in PDF (HO)

(d:/Programe/tex2019/texlive/2019/texmf-dist/tex/latex/graphics/lscape.sty
Package: lscape 2000/10/22 v3.01 Landscape Pages (DPC)
)
Package pdflscape Info: Auto-detected driver: dvipdfm (xetex) on input line 99.

)
\big@size=\dimen307

ABD: EveryShipout initializing macros
Package caption Info: Begin \AtBeginDocument code.
Package caption Info: hyperref package is loaded.
Package caption Info: subfigure package is loaded.
Package caption Info: End \AtBeginDocument code.

*geometry* driver: auto-detecting
*geometry* detected driver: xetex
*geometry* verbose mode - [ preamble ] result:
* driver: xetex
* paper: a4paper
* layout: <same size as paper>
* layoutoffset:(h,v)=(0.0pt,0.0pt)
* modes: twoside 
* h-part:(L,W,R)=(85.35826pt, 426.79135pt, 85.35826pt)
* v-part:(T,H,B)=(101.40665pt, 591.5302pt, 152.11pt)
* \paperwidth=597.50787pt
* \paperheight=845.04684pt
* \textwidth=426.79135pt
* \textheight=591.5302pt
* \oddsidemargin=13.08827pt
* \evensidemargin=13.08827pt
* \topmargin=-2.73714pt
* \headheight=12.0pt
* \headsep=19.8738pt
* \topskip=12.0pt
* \footskip=30.0pt
* \marginparwidth=71.13188pt
* \marginparsep=7.0pt
* \columnsep=10.0pt
* \skip\footins=10.8pt plus 4.0pt minus 2.0pt
* \hoffset=0.0pt
* \voffset=0.0pt
* \mag=1000
* \@twocolumnfalse
* \@twosidetrue
* \@mparswitchtrue
* \@reversemarginfalse
* (1in=72.27pt=25.4mm, 1cm=28.453pt)

Package hyperref Info: Link coloring ON on input line 64.
(d:/Programe/tex2019/texlive/2019/texmf-dist/tex/latex/hyperref/nameref.sty
Package: nameref 2016/05/21 v2.44 Cross-referencing by name of section

(d:/Programe/tex2019/texlive/2019/texmf-dist/tex/generic/oberdiek/gettitlestrin
g.sty
Package: gettitlestring 2016/05/16 v1.5 Cleanup title references (HO)
)
\c@section@level=\count320
)
LaTeX Info: Redefining \ref on input line 64.
LaTeX Info: Redefining \pageref on input line 64.
LaTeX Info: Redefining \nameref on input line 64.
 (./main.out) (./main.out)
\@outlinefile=\write4
\openout4 = `main.out'.

LaTeX Font Info:    Try loading font information for OT1+ppl on input line 71.

(d:/Programe/tex2019/texlive/2019/texmf-dist/tex/latex/psnfss/ot1ppl.fd
File: ot1ppl.fd 2001/06/04 font definitions for OT1/ppl.
)
LaTeX Font Info:    Try loading font information for OML+zplm on input line 71.


(d:/Programe/tex2019/texlive/2019/texmf-dist/tex/latex/psnfss/omlzplm.fd
File: omlzplm.fd 2002/09/08 Fontinst v1.914 font definitions for OML/zplm.
)
LaTeX Font Info:    Try loading font information for OMS+zplm on input line 71.


(d:/Programe/tex2019/texlive/2019/texmf-dist/tex/latex/psnfss/omszplm.fd
File: omszplm.fd 2002/09/08 Fontinst v1.914 font definitions for OMS/zplm.
)
LaTeX Font Info:    Try loading font information for OMX+zplm on input line 71.


(d:/Programe/tex2019/texlive/2019/texmf-dist/tex/latex/psnfss/omxzplm.fd
File: omxzplm.fd 2002/09/08 Fontinst v1.914 font definitions for OMX/zplm.
)
LaTeX Font Info:    Try loading font information for OT1+zplm on input line 71.


(d:/Programe/tex2019/texlive/2019/texmf-dist/tex/latex/psnfss/ot1zplm.fd
File: ot1zplm.fd 2002/09/08 Fontinst v1.914 font definitions for OT1/zplm.
)
[1


]

LaTeX Font Warning: Font shape `TU/ppl/m/sl' undefined
(Font)              using `TU/ppl/m/n' instead on input line 71.

[2

]
\openout2 = `./TeX_files/Information.aux'.

 (./TeX_files/Information.tex

LaTeX Font Warning: Font shape `TU/ppl/bx/n' undefined
(Font)              using `TU/ppl/m/n' instead on input line 1.

[1


]
File: ../images/0001.pdf Graphic file (type pdf)
<use ../images/0001.pdf>
)
LaTeX Font Info:    Font shape `TU/SimSun(0)/m/sl' in size <12> not available
(Font)              Font shape `TU/SimSun(0)/m/it' tried instead on input line 
72.
 [2]
\openout2 = `./TeX_files/introduction.aux'.

 (./TeX_files/introduction.tex
File: ../Images/00002.pdf Graphic file (type pdf)
<use ../Images/00002.pdf>
File: ../Images/00003.pdf Graphic file (type pdf)
<use ../Images/00003.pdf>
File: ../Images/00004.pdf Graphic file (type pdf)
<use ../Images/00004.pdf>
File: ../Images/00005.pdf Graphic file (type pdf)
<use ../Images/00005.pdf>
File: ../Images/00006.pdf Graphic file (type pdf)
<use ../Images/00006.pdf>
File: ../Images/00007.pdf Graphic file (type pdf)
<use ../Images/00007.pdf>
File: ../Images/00008.pdf Graphic file (type pdf)
<use ../Images/00008.pdf>
File: ../Images/00009.pdf Graphic file (type pdf)
<use ../Images/00009.pdf>
File: ../Images/00010.pdf Graphic file (type pdf)
<use ../Images/00010.pdf>
File: ../Images/00011.pdf Graphic file (type pdf)
<use ../Images/00011.pdf>
File: ../Images/00012.pdf Graphic file (type pdf)
<use ../Images/00012.pdf>
Missing character: There is no ○ in font [lmroman12-regular]:mapping=tex-text;!
Missing character: There is no ◇ in font [lmroman12-regular]:mapping=tex-text;!

Underfull \vbox (badness 1424) has occurred while \output is active []

 [3



])
[4]
\openout2 = `./TeX_files/case.aux'.

 (./TeX_files/case.tex

Package fontspec Info: Could not resolve font "KaiTi/BI" (it probably doesn't
(fontspec)             exist).


Package fontspec Info: Could not resolve font "KaiTi/B" (it probably doesn't
(fontspec)             exist).


Package fontspec Info: Could not resolve font "KaiTi/I" (it probably doesn't
(fontspec)             exist).


Package fontspec Info: Font family 'KaiTi(0)' created for font 'KaiTi' with
(fontspec)             options [Script={CJK}].
(fontspec)              
(fontspec)              This font family consists of the following NFSS
(fontspec)             series/shapes:
(fontspec)              
(fontspec)             - 'normal' (m/n) with NFSS spec.:
(fontspec)             <->"KaiTi/OT:script=hani;language=DFLT;"
(fontspec)             - 'small caps'  (m/sc) with NFSS spec.: 


Underfull \vbox (badness 2261) has occurred while \output is active []

 [5



])
[6] (./main.toc)
\tf@toc=\write5
\openout5 = `main.toc'.

 [1



]
\openout2 = `./TeX_files/chapter01.aux'.

 (./TeX_files/chapter01.tex [2


]
第一回
File: ../Images/00004.pdf Graphic file (type pdf)
<use ../Images/00004.pdf>
File: ../Images/00006.pdf Graphic file (type pdf)
<use ../Images/00006.pdf>
File: ../Images/00011.pdf Graphic file (type pdf)
<use ../Images/00011.pdf>
File: ../Images/00006.pdf Graphic file (type pdf)
<use ../Images/00006.pdf>
File: ../Images/00011.pdf Graphic file (type pdf)
<use ../Images/00011.pdf>
File: ../Images/00006.pdf Graphic file (type pdf)
<use ../Images/00006.pdf>
File: ../Images/00011.pdf Graphic file (type pdf)
<use ../Images/00011.pdf>
Missing character: There is no ① in font [lmroman9-regular]:mapping=tex-text;!

Package fontspec Info: Could not resolve font "Microsoft YaHei Bold/I" (it
(fontspec)             probably doesn't exist).


Package fontspec Info: Could not resolve font "Microsoft YaHei/I" (it probably
(fontspec)             doesn't exist).


Package fontspec Info: Font family 'MicrosoftYaHei(0)' created for font
(fontspec)             'Microsoft YaHei' with options
(fontspec)             [Script={CJK},BoldFont={* Bold}].
(fontspec)              
(fontspec)              This font family consists of the following NFSS
(fontspec)             series/shapes:
(fontspec)              
(fontspec)             - 'normal' (m/n) with NFSS spec.: <->"Microsoft
(fontspec)             YaHei/OT:script=hani;language=DFLT;"
(fontspec)             - 'small caps'  (m/sc) with NFSS spec.: 
(fontspec)             - 'bold' (bx/n) with NFSS spec.: <->"Microsoft YaHei
(fontspec)             Bold/OT:script=hani;language=DFLT;"
(fontspec)             - 'bold small caps'  (bx/sc) with NFSS spec.: 
(fontspec)             - 'bold italic' (bx/it) with NFSS spec.: <->"Microsoft
(fontspec)             YaHei/BI/OT:script=hani;language=DFLT;"
(fontspec)             - 'bold italic small caps'  (bx/itsc) with NFSS spec.: 

Missing character: There is no ② in font [lmroman9-regular]:mapping=tex-text;!
File: ../Images/00002.pdf Graphic file (type pdf)
<use ../Images/00002.pdf>
File: ../Images/00011.pdf Graphic file (type pdf)
<use ../Images/00011.pdf>
Missing character: There is no ◇ in font [lmroman10-regular]:mapping=tex-text;!
File: ../Images/00002.pdf Graphic file (type pdf)
<use ../Images/00002.pdf>
File: ../Images/00011.pdf Graphic file (type pdf)
<use ../Images/00011.pdf>
File: ../Images/00002.pdf Graphic file (type pdf)
<use ../Images/00002.pdf>
File: ../Images/00011.pdf Graphic file (type pdf)
<use ../Images/00011.pdf>
File: ../Images/00002.pdf Graphic file (type pdf)
<use ../Images/00002.pdf>
File: ../Images/00011.pdf Graphic file (type pdf)
<use ../Images/00011.pdf>
File: ../Images/00002.pdf Graphic file (type pdf)
<use ../Images/00002.pdf>
File: ../Images/00011.pdf Graphic file (type pdf)
<use ../Images/00011.pdf>
File: ../Images/00002.pdf Graphic file (type pdf)
<use ../Images/00002.pdf>
File: ../Images/00011.pdf Graphic file (type pdf)
<use ../Images/00011.pdf>
File: ../Images/00002.pdf Graphic file (type pdf)
<use ../Images/00002.pdf>
File: ../Images/00011.pdf Graphic file (type pdf)
<use ../Images/00011.pdf>
File: ../Images/00006.pdf Graphic file (type pdf)
<use ../Images/00006.pdf>
File: ../Images/00011.pdf Graphic file (type pdf)
<use ../Images/00011.pdf>
File: ../Images/00002.pdf Graphic file (type pdf)
<use ../Images/00002.pdf>
File: ../Images/00011.pdf Graphic file (type pdf)
<use ../Images/00011.pdf>
File: ../Images/00002.pdf Graphic file (type pdf)
<use ../Images/00002.pdf>
File: ../Images/00010.pdf Graphic file (type pdf)
<use ../Images/00010.pdf>
File: ../Images/00002.pdf Graphic file (type pdf)
<use ../Images/00002.pdf>
File: ../Images/00011.pdf Graphic file (type pdf)
<use ../Images/00011.pdf>

Underfull \vbox (badness 6016) has occurred while \output is active []

 [3]
File: ../Images/00005.pdf Graphic file (type pdf)
<use ../Images/00005.pdf>
File: ../Images/00012.pdf Graphic file (type pdf)
<use ../Images/00012.pdf>
File: ../Images/00002.pdf Graphic file (type pdf)
<use ../Images/00002.pdf>
File: ../Images/00011.pdf Graphic file (type pdf)
<use ../Images/00011.pdf>
File: ../Images/00002.pdf Graphic file (type pdf)
<use ../Images/00002.pdf>
File: ../Images/00011.pdf Graphic file (type pdf)
<use ../Images/00011.pdf>
File: ../Images/00002.pdf Graphic file (type pdf)
<use ../Images/00002.pdf>
File: ../Images/00011.pdf Graphic file (type pdf)
<use ../Images/00011.pdf>
File: ../Images/00002.pdf Graphic file (type pdf)
<use ../Images/00002.pdf>
File: ../Images/00011.pdf Graphic file (type pdf)
<use ../Images/00011.pdf>
File: ../Images/00002.pdf Graphic file (type pdf)
<use ../Images/00002.pdf>
File: ../Images/00011.pdf Graphic file (type pdf)
<use ../Images/00011.pdf>
File: ../Images/00002.pdf Graphic file (type pdf)
<use ../Images/00002.pdf>
File: ../Images/00011.pdf Graphic file (type pdf)
<use ../Images/00011.pdf>
File: ../Images/00002.pdf Graphic file (type pdf)
<use ../Images/00002.pdf>
File: ../Images/00011.pdf Graphic file (type pdf)
<use ../Images/00011.pdf>
Missing character: There is no ③ in font [lmroman9-regular]:mapping=tex-text;!
File: ../Images/00002.pdf Graphic file (type pdf)
<use ../Images/00002.pdf>
File: ../Images/00011.pdf Graphic file (type pdf)
<use ../Images/00011.pdf>
File: ../Images/00002.pdf Graphic file (type pdf)
<use ../Images/00002.pdf>
File: ../Images/00011.pdf Graphic file (type pdf)
<use ../Images/00011.pdf>
File: ../Images/00006.pdf Graphic file (type pdf)
<use ../Images/00006.pdf>
File: ../Images/00011.pdf Graphic file (type pdf)
<use ../Images/00011.pdf>
File: ../Images/00002.pdf Graphic file (type pdf)
<use ../Images/00002.pdf>
File: ../Images/00011.pdf Graphic file (type pdf)
<use ../Images/00011.pdf>
File: ../Images/00002.pdf Graphic file (type pdf)
<use ../Images/00002.pdf>
File: ../Images/00011.pdf Graphic file (type pdf)
<use ../Images/00011.pdf>
Missing character: There is no ◇ in font [lmroman10-regular]:mapping=tex-text;!
File: ../Images/00002.pdf Graphic file (type pdf)
<use ../Images/00002.pdf>
File: ../Images/00011.pdf Graphic file (type pdf)
<use ../Images/00011.pdf>
File: ../Images/00002.pdf Graphic file (type pdf)
<use ../Images/00002.pdf>
File: ../Images/00011.pdf Graphic file (type pdf)
<use ../Images/00011.pdf>
File: ../Images/00002.pdf Graphic file (type pdf)
<use ../Images/00002.pdf>
File: ../Images/00011.pdf Graphic file (type pdf)
<use ../Images/00011.pdf>
File: ../Images/00002.pdf Graphic file (type pdf)
<use ../Images/00002.pdf>
File: ../Images/00011.pdf Graphic file (type pdf)
<use ../Images/00011.pdf>
File: ../Images/00002.pdf Graphic file (type pdf)
<use ../Images/00002.pdf>
File: ../Images/00011.pdf Graphic file (type pdf)
<use ../Images/00011.pdf>
File: ../Images/00002.pdf Graphic file (type pdf)
<use ../Images/00002.pdf>
File: ../Images/00011.pdf Graphic file (type pdf)
<use ../Images/00011.pdf>
File: ../Images/00002.pdf Graphic file (type pdf)
<use ../Images/00002.pdf>
File: ../Images/00010.pdf Graphic file (type pdf)
<use ../Images/00010.pdf>

Underfull \vbox (badness 10000) has occurred while \output is active []

 [4]
File: ../Images/00002.pdf Graphic file (type pdf)
<use ../Images/00002.pdf>
File: ../Images/00011.pdf Graphic file (type pdf)
<use ../Images/00011.pdf>
File: ../Images/00002.pdf Graphic file (type pdf)
<use ../Images/00002.pdf>
File: ../Images/00011.pdf Graphic file (type pdf)
<use ../Images/00011.pdf>
File: ../Images/00002.pdf Graphic file (type pdf)
<use ../Images/00002.pdf>
File: ../Images/00011.pdf Graphic file (type pdf)
<use ../Images/00011.pdf>
File: ../Images/00002.pdf Graphic file (type pdf)
<use ../Images/00002.pdf>
File: ../Images/00011.pdf Graphic file (type pdf)
<use ../Images/00011.pdf>
File: ../Images/00002.pdf Graphic file (type pdf)
<use ../Images/00002.pdf>
File: ../Images/00011.pdf Graphic file (type pdf)
<use ../Images/00011.pdf>
File: ../Images/00002.pdf Graphic file (type pdf)
<use ../Images/00002.pdf>
File: ../Images/00011.pdf Graphic file (type pdf)
<use ../Images/00011.pdf>
File: ../Images/00006.pdf Graphic file (type pdf)
<use ../Images/00006.pdf>
File: ../Images/00011.pdf Graphic file (type pdf)
<use ../Images/00011.pdf>
File: ../Images/00002.pdf Graphic file (type pdf)
<use ../Images/00002.pdf>
File: ../Images/00011.pdf Graphic file (type pdf)
<use ../Images/00011.pdf>
File: ../Images/00002.pdf Graphic file (type pdf)
<use ../Images/00002.pdf>
File: ../Images/00011.pdf Graphic file (type pdf)
<use ../Images/00011.pdf>
File: ../Images/00002.pdf Graphic file (type pdf)
<use ../Images/00002.pdf>
File: ../Images/00011.pdf Graphic file (type pdf)
<use ../Images/00011.pdf>
File: ../Images/00002.pdf Graphic file (type pdf)
<use ../Images/00002.pdf>
File: ../Images/00011.pdf Graphic file (type pdf)
<use ../Images/00011.pdf>
File: ../Images/00006.pdf Graphic file (type pdf)
<use ../Images/00006.pdf>
File: ../Images/00011.pdf Graphic file (type pdf)
<use ../Images/00011.pdf>
File: ../Images/00002.pdf Graphic file (type pdf)
<use ../Images/00002.pdf>
File: ../Images/00010.pdf Graphic file (type pdf)
<use ../Images/00010.pdf>
File: ../Images/00002.pdf Graphic file (type pdf)
<use ../Images/00002.pdf>
File: ../Images/00011.pdf Graphic file (type pdf)
<use ../Images/00011.pdf>
File: ../Images/00002.pdf Graphic file (type pdf)
<use ../Images/00002.pdf>
File: ../Images/00010.pdf Graphic file (type pdf)
<use ../Images/00010.pdf>
Missing character: There is no ◇ in font [lmroman10-regular]:mapping=tex-text;!
File: ../Images/00002.pdf Graphic file (type pdf)
<use ../Images/00002.pdf>
File: ../Images/00011.pdf Graphic file (type pdf)
<use ../Images/00011.pdf>

Underfull \vbox (badness 1275) has occurred while \output is active []

 [5]
File: ../Images/00002.pdf Graphic file (type pdf)
<use ../Images/00002.pdf>
File: ../Images/00011.pdf Graphic file (type pdf)
<use ../Images/00011.pdf>
File: ../Images/00002.pdf Graphic file (type pdf)
<use ../Images/00002.pdf>
File: ../Images/00011.pdf Graphic file (type pdf)
<use ../Images/00011.pdf>
File: ../Images/00002.pdf Graphic file (type pdf)
<use ../Images/00002.pdf>
File: ../Images/00011.pdf Graphic file (type pdf)
<use ../Images/00011.pdf>
File: ../Images/00002.pdf Graphic file (type pdf)
<use ../Images/00002.pdf>
File: ../Images/00011.pdf Graphic file (type pdf)
<use ../Images/00011.pdf>
File: ../Images/00002.pdf Graphic file (type pdf)
<use ../Images/00002.pdf>
File: ../Images/00011.pdf Graphic file (type pdf)
<use ../Images/00011.pdf>
File: ../Images/00002.pdf Graphic file (type pdf)
<use ../Images/00002.pdf>
File: ../Images/00011.pdf Graphic file (type pdf)
<use ../Images/00011.pdf>
File: ../Images/00002.pdf Graphic file (type pdf)
<use ../Images/00002.pdf>
File: ../Images/00010.pdf Graphic file (type pdf)
<use ../Images/00010.pdf>
File: ../Images/00002.pdf Graphic file (type pdf)
<use ../Images/00002.pdf>
File: ../Images/00010.pdf Graphic file (type pdf)
<use ../Images/00010.pdf>
File: ../Images/00002.pdf Graphic file (type pdf)
<use ../Images/00002.pdf>
File: ../Images/00012.pdf Graphic file (type pdf)
<use ../Images/00012.pdf>
Missing character: There is no ④ in font [lmroman9-regular]:mapping=tex-text;!
File: ../Images/00002.pdf Graphic file (type pdf)
<use ../Images/00002.pdf>
File: ../Images/00010.pdf Graphic file (type pdf)
<use ../Images/00010.pdf>
Missing character: There is no ⑤ in font [lmroman9-regular]:mapping=tex-text;!
Missing character: There is no ◇ in font [lmroman12-regular]:mapping=tex-text;!
Missing character: There is no ⑥ in font [lmroman9-regular]:mapping=tex-text;!
Missing character: There is no ⑦ in font [lmroman9-regular]:mapping=tex-text;!
File: ../Images/00002.pdf Graphic file (type pdf)
<use ../Images/00002.pdf>
File: ../Images/00011.pdf Graphic file (type pdf)
<use ../Images/00011.pdf>
File: ../Images/00002.pdf Graphic file (type pdf)
<use ../Images/00002.pdf>
File: ../Images/00011.pdf Graphic file (type pdf)
<use ../Images/00011.pdf>
File: ../Images/00002.pdf Graphic file (type pdf)
<use ../Images/00002.pdf>
File: ../Images/00011.pdf Graphic file (type pdf)
<use ../Images/00011.pdf>
File: ../Images/00002.pdf Graphic file (type pdf)
<use ../Images/00002.pdf>
File: ../Images/00011.pdf Graphic file (type pdf)
<use ../Images/00011.pdf>
File: ../Images/00002.pdf Graphic file (type pdf)
<use ../Images/00002.pdf>
File: ../Images/00011.pdf Graphic file (type pdf)
<use ../Images/00011.pdf>
File: ../Images/00002.pdf Graphic file (type pdf)
<use ../Images/00002.pdf>
File: ../Images/00011.pdf Graphic file (type pdf)
<use ../Images/00011.pdf>
Missing character: There is no ◇ in font [lmroman10-regular]:mapping=tex-text;!
File: ../Images/00002.pdf Graphic file (type pdf)
<use ../Images/00002.pdf>
File: ../Images/00011.pdf Graphic file (type pdf)
<use ../Images/00011.pdf>
File: ../Images/00006.pdf Graphic file (type pdf)
<use ../Images/00006.pdf>
File: ../Images/00011.pdf Graphic file (type pdf)
<use ../Images/00011.pdf>
File: ../Images/00002.pdf Graphic file (type pdf)
<use ../Images/00002.pdf>
File: ../Images/00011.pdf Graphic file (type pdf)
<use ../Images/00011.pdf>
File: ../Images/00002.pdf Graphic file (type pdf)
<use ../Images/00002.pdf>
File: ../Images/00010.pdf Graphic file (type pdf)
<use ../Images/00010.pdf>
Missing character: There is no ◇ in font [lmroman10-regular]:mapping=tex-text;!
File: ../Images/00002.pdf Graphic file (type pdf)
<use ../Images/00002.pdf>
File: ../Images/00011.pdf Graphic file (type pdf)
<use ../Images/00011.pdf>
File: ../Images/00002.pdf Graphic file (type pdf)
<use ../Images/00002.pdf>
File: ../Images/00011.pdf Graphic file (type pdf)
<use ../Images/00011.pdf>
File: ../Images/00002.pdf Graphic file (type pdf)
<use ../Images/00002.pdf>
File: ../Images/00011.pdf Graphic file (type pdf)
<use ../Images/00011.pdf>
File: ../Images/00002.pdf Graphic file (type pdf)
<use ../Images/00002.pdf>
File: ../Images/00011.pdf Graphic file (type pdf)
<use ../Images/00011.pdf>
File: ../Images/00002.pdf Graphic file (type pdf)
<use ../Images/00002.pdf>
File: ../Images/00011.pdf Graphic file (type pdf)
<use ../Images/00011.pdf>
File: ../Images/00002.pdf Graphic file (type pdf)
<use ../Images/00002.pdf>
File: ../Images/00011.pdf Graphic file (type pdf)
<use ../Images/00011.pdf>
File: ../Images/00006.pdf Graphic file (type pdf)
<use ../Images/00006.pdf>
File: ../Images/00011.pdf Graphic file (type pdf)
<use ../Images/00011.pdf>
File: ../Images/00002.pdf Graphic file (type pdf)
<use ../Images/00002.pdf>
File: ../Images/00011.pdf Graphic file (type pdf)
<use ../Images/00011.pdf>
File: ../Images/00002.pdf Graphic file (type pdf)
<use ../Images/00002.pdf>
File: ../Images/00011.pdf Graphic file (type pdf)
<use ../Images/00011.pdf>

[6]
File: ../Images/00002.pdf Graphic file (type pdf)
<use ../Images/00002.pdf>
File: ../Images/00011.pdf Graphic file (type pdf)
<use ../Images/00011.pdf>
File: ../Images/00002.pdf Graphic file (type pdf)
<use ../Images/00002.pdf>
File: ../Images/00011.pdf Graphic file (type pdf)
<use ../Images/00011.pdf>
File: ../Images/00006.pdf Graphic file (type pdf)
<use ../Images/00006.pdf>
File: ../Images/00011.pdf Graphic file (type pdf)
<use ../Images/00011.pdf>
File: ../Images/00002.pdf Graphic file (type pdf)
<use ../Images/00002.pdf>
File: ../Images/00011.pdf Graphic file (type pdf)
<use ../Images/00011.pdf>
File: ../Images/00002.pdf Graphic file (type pdf)
<use ../Images/00002.pdf>
File: ../Images/00010.pdf Graphic file (type pdf)
<use ../Images/00010.pdf>
File: ../Images/00002.pdf Graphic file (type pdf)
<use ../Images/00002.pdf>
File: ../Images/00011.pdf Graphic file (type pdf)
<use ../Images/00011.pdf>
File: ../Images/00002.pdf Graphic file (type pdf)
<use ../Images/00002.pdf>
File: ../Images/00011.pdf Graphic file (type pdf)
<use ../Images/00011.pdf>
File: ../Images/00002.pdf Graphic file (type pdf)
<use ../Images/00002.pdf>
File: ../Images/00011.pdf Graphic file (type pdf)
<use ../Images/00011.pdf>
File: ../Images/00002.pdf Graphic file (type pdf)
<use ../Images/00002.pdf>
File: ../Images/00010.pdf Graphic file (type pdf)
<use ../Images/00010.pdf>
File: ../Images/00002.pdf Graphic file (type pdf)
<use ../Images/00002.pdf>
File: ../Images/00011.pdf Graphic file (type pdf)
<use ../Images/00011.pdf>
File: ../Images/00002.pdf Graphic file (type pdf)
<use ../Images/00002.pdf>
File: ../Images/00011.pdf Graphic file (type pdf)
<use ../Images/00011.pdf>
File: ../Images/00002.pdf Graphic file (type pdf)
<use ../Images/00002.pdf>
File: ../Images/00011.pdf Graphic file (type pdf)
<use ../Images/00011.pdf>
File: ../Images/00002.pdf Graphic file (type pdf)
<use ../Images/00002.pdf>
File: ../Images/00010.pdf Graphic file (type pdf)
<use ../Images/00010.pdf>
File: ../Images/00006.pdf Graphic file (type pdf)
<use ../Images/00006.pdf>
File: ../Images/00011.pdf Graphic file (type pdf)
<use ../Images/00011.pdf>
File: ../Images/00002.pdf Graphic file (type pdf)
<use ../Images/00002.pdf>
File: ../Images/00011.pdf Graphic file (type pdf)
<use ../Images/00011.pdf>
File: ../Images/00002.pdf Graphic file (type pdf)
<use ../Images/00002.pdf>
File: ../Images/00011.pdf Graphic file (type pdf)
<use ../Images/00011.pdf>
File: ../Images/00002.pdf Graphic file (type pdf)
<use ../Images/00002.pdf>
File: ../Images/00011.pdf Graphic file (type pdf)
<use ../Images/00011.pdf>
File: ../Images/00002.pdf Graphic file (type pdf)
<use ../Images/00002.pdf>
File: ../Images/00011.pdf Graphic file (type pdf)
<use ../Images/00011.pdf>
File: ../Images/00002.pdf Graphic file (type pdf)
<use ../Images/00002.pdf>
File: ../Images/00010.pdf Graphic file (type pdf)
<use ../Images/00010.pdf>
File: ../Images/00006.pdf Graphic file (type pdf)
<use ../Images/00006.pdf>
File: ../Images/00011.pdf Graphic file (type pdf)
<use ../Images/00011.pdf>
File: ../Images/00002.pdf Graphic file (type pdf)
<use ../Images/00002.pdf>
File: ../Images/00011.pdf Graphic file (type pdf)
<use ../Images/00011.pdf>

Underfull \vbox (badness 10000) has occurred while \output is active []

 [7]
File: ../Images/00006.pdf Graphic file (type pdf)
<use ../Images/00006.pdf>
File: ../Images/00011.pdf Graphic file (type pdf)
<use ../Images/00011.pdf>
File: ../Images/00006.pdf Graphic file (type pdf)
<use ../Images/00006.pdf>
File: ../Images/00011.pdf Graphic file (type pdf)
<use ../Images/00011.pdf>
File: ../Images/00006.pdf Graphic file (type pdf)
<use ../Images/00006.pdf>
File: ../Images/00011.pdf Graphic file (type pdf)
<use ../Images/00011.pdf>
File: ../Images/00006.pdf Graphic file (type pdf)
<use ../Images/00006.pdf>
File: ../Images/00011.pdf Graphic file (type pdf)
<use ../Images/00011.pdf>
File: ../Images/00002.pdf Graphic file (type pdf)
<use ../Images/00002.pdf>
File: ../Images/00011.pdf Graphic file (type pdf)
<use ../Images/00011.pdf>
File: ../Images/00002.pdf Graphic file (type pdf)
<use ../Images/00002.pdf>
File: ../Images/00011.pdf Graphic file (type pdf)
<use ../Images/00011.pdf>
File: ../Images/00002.pdf Graphic file (type pdf)
<use ../Images/00002.pdf>
File: ../Images/00011.pdf Graphic file (type pdf)
<use ../Images/00011.pdf>
File: ../Images/00006.pdf Graphic file (type pdf)
<use ../Images/00006.pdf>
File: ../Images/00011.pdf Graphic file (type pdf)
<use ../Images/00011.pdf>
File: ../Images/00002.pdf Graphic file (type pdf)
<use ../Images/00002.pdf>
File: ../Images/00011.pdf Graphic file (type pdf)
<use ../Images/00011.pdf>
File: ../Images/00005.pdf Graphic file (type pdf)
<use ../Images/00005.pdf>
File: ../Images/00012.pdf Graphic file (type pdf)
<use ../Images/00012.pdf>
File: ../Images/00002.pdf Graphic file (type pdf)
<use ../Images/00002.pdf>
File: ../Images/00012.pdf Graphic file (type pdf)
<use ../Images/00012.pdf>
File: ../Images/00006.pdf Graphic file (type pdf)
<use ../Images/00006.pdf>
File: ../Images/00011.pdf Graphic file (type pdf)
<use ../Images/00011.pdf>
File: ../Images/00002.pdf Graphic file (type pdf)
<use ../Images/00002.pdf>
File: ../Images/00011.pdf Graphic file (type pdf)
<use ../Images/00011.pdf>
File: ../Images/00002.pdf Graphic file (type pdf)
<use ../Images/00002.pdf>
File: ../Images/00011.pdf Graphic file (type pdf)
<use ../Images/00011.pdf>
File: ../Images/00002.pdf Graphic file (type pdf)
<use ../Images/00002.pdf>
File: ../Images/00011.pdf Graphic file (type pdf)
<use ../Images/00011.pdf>
File: ../Images/00002.pdf Graphic file (type pdf)
<use ../Images/00002.pdf>
File: ../Images/00011.pdf Graphic file (type pdf)
<use ../Images/00011.pdf>
File: ../Images/00002.pdf Graphic file (type pdf)
<use ../Images/00002.pdf>
File: ../Images/00011.pdf Graphic file (type pdf)
<use ../Images/00011.pdf>
File: ../Images/00002.pdf Graphic file (type pdf)
<use ../Images/00002.pdf>
File: ../Images/00010.pdf Graphic file (type pdf)
<use ../Images/00010.pdf>
Missing character: There is no ◇ in font [lmroman10-regular]:mapping=tex-text;!
Missing character: There is no ◇ in font [lmroman10-regular]:mapping=tex-text;!
Missing character: There is no ◇ in font [lmroman10-regular]:mapping=tex-text;!
File: ../Images/00006.pdf Graphic file (type pdf)
<use ../Images/00006.pdf>
File: ../Images/00011.pdf Graphic file (type pdf)
<use ../Images/00011.pdf>

Underfull \vbox (badness 1275) has occurred while \output is active []

 [8]
File: ../Images/00002.pdf Graphic file (type pdf)
<use ../Images/00002.pdf>
File: ../Images/00011.pdf Graphic file (type pdf)
<use ../Images/00011.pdf>
File: ../Images/00002.pdf Graphic file (type pdf)
<use ../Images/00002.pdf>
File: ../Images/00011.pdf Graphic file (type pdf)
<use ../Images/00011.pdf>
File: ../Images/00002.pdf Graphic file (type pdf)
<use ../Images/00002.pdf>
File: ../Images/00011.pdf Graphic file (type pdf)
<use ../Images/00011.pdf>
File: ../Images/00002.pdf Graphic file (type pdf)
<use ../Images/00002.pdf>
File: ../Images/00011.pdf Graphic file (type pdf)
<use ../Images/00011.pdf>
File: ../Images/00002.pdf Graphic file (type pdf)
<use ../Images/00002.pdf>
File: ../Images/00010.pdf Graphic file (type pdf)
<use ../Images/00010.pdf>
File: ../Images/00002.pdf Graphic file (type pdf)
<use ../Images/00002.pdf>
File: ../Images/00011.pdf Graphic file (type pdf)
<use ../Images/00011.pdf>
File: ../Images/00002.pdf Graphic file (type pdf)
<use ../Images/00002.pdf>
File: ../Images/00011.pdf Graphic file (type pdf)
<use ../Images/00011.pdf>
Missing character: There is no ⑧ in font [lmroman9-regular]:mapping=tex-text;!
File: ../Images/00002.pdf Graphic file (type pdf)
<use ../Images/00002.pdf>
File: ../Images/00011.pdf Graphic file (type pdf)
<use ../Images/00011.pdf>
File: ../Images/00002.pdf Graphic file (type pdf)
<use ../Images/00002.pdf>
File: ../Images/00011.pdf Graphic file (type pdf)
<use ../Images/00011.pdf>
File: ../Images/00002.pdf Graphic file (type pdf)
<use ../Images/00002.pdf>
File: ../Images/00011.pdf Graphic file (type pdf)
<use ../Images/00011.pdf>
File: ../Images/00002.pdf Graphic file (type pdf)
<use ../Images/00002.pdf>
File: ../Images/00011.pdf Graphic file (type pdf)
<use ../Images/00011.pdf>
File: ../Images/00006.pdf Graphic file (type pdf)
<use ../Images/00006.pdf>
File: ../Images/00011.pdf Graphic file (type pdf)
<use ../Images/00011.pdf>
File: ../Images/00006.pdf Graphic file (type pdf)
<use ../Images/00006.pdf>
File: ../Images/00011.pdf Graphic file (type pdf)
<use ../Images/00011.pdf>
File: ../Images/00002.pdf Graphic file (type pdf)
<use ../Images/00002.pdf>
File: ../Images/00011.pdf Graphic file (type pdf)
<use ../Images/00011.pdf>
File: ../Images/00002.pdf Graphic file (type pdf)
<use ../Images/00002.pdf>
File: ../Images/00011.pdf Graphic file (type pdf)
<use ../Images/00011.pdf>
File: ../Images/00006.pdf Graphic file (type pdf)
<use ../Images/00006.pdf>
File: ../Images/00011.pdf Graphic file (type pdf)
<use ../Images/00011.pdf>

Underfull \vbox (badness 1275) has occurred while \output is active []

 [9]
File: ../Images/00002.pdf Graphic file (type pdf)
<use ../Images/00002.pdf>
File: ../Images/00011.pdf Graphic file (type pdf)
<use ../Images/00011.pdf>
File: ../Images/00002.pdf Graphic file (type pdf)
<use ../Images/00002.pdf>
File: ../Images/00010.pdf Graphic file (type pdf)
<use ../Images/00010.pdf>
File: ../Images/00002.pdf Graphic file (type pdf)
<use ../Images/00002.pdf>
File: ../Images/00011.pdf Graphic file (type pdf)
<use ../Images/00011.pdf>
File: ../Images/00002.pdf Graphic file (type pdf)
<use ../Images/00002.pdf>
File: ../Images/00011.pdf Graphic file (type pdf)
<use ../Images/00011.pdf>
File: ../Images/00002.pdf Graphic file (type pdf)
<use ../Images/00002.pdf>
File: ../Images/00010.pdf Graphic file (type pdf)
<use ../Images/00010.pdf>
File: ../Images/00002.pdf Graphic file (type pdf)
<use ../Images/00002.pdf>
File: ../Images/00010.pdf Graphic file (type pdf)
<use ../Images/00010.pdf>
File: ../Images/00006.pdf Graphic file (type pdf)
<use ../Images/00006.pdf>
File: ../Images/00011.pdf Graphic file (type pdf)
<use ../Images/00011.pdf>
File: ../Images/00002.pdf Graphic file (type pdf)
<use ../Images/00002.pdf>
File: ../Images/00011.pdf Graphic file (type pdf)
<use ../Images/00011.pdf>
File: ../Images/00006.pdf Graphic file (type pdf)
<use ../Images/00006.pdf>
File: ../Images/00011.pdf Graphic file (type pdf)
<use ../Images/00011.pdf>
File: ../Images/00002.pdf Graphic file (type pdf)
<use ../Images/00002.pdf>
File: ../Images/00011.pdf Graphic file (type pdf)
<use ../Images/00011.pdf>
File: ../Images/00006.pdf Graphic file (type pdf)
<use ../Images/00006.pdf>
File: ../Images/00011.pdf Graphic file (type pdf)
<use ../Images/00011.pdf>
File: ../Images/00002.pdf Graphic file (type pdf)
<use ../Images/00002.pdf>
File: ../Images/00012.pdf Graphic file (type pdf)
<use ../Images/00012.pdf>
File: ../Images/00002.pdf Graphic file (type pdf)
<use ../Images/00002.pdf>
File: ../Images/00011.pdf Graphic file (type pdf)
<use ../Images/00011.pdf>
Missing character: There is no ◇ in font [lmroman10-regular]:mapping=tex-text;!
File: ../Images/00006.pdf Graphic file (type pdf)
<use ../Images/00006.pdf>
File: ../Images/00012.pdf Graphic file (type pdf)
<use ../Images/00012.pdf>
File: ../Images/00006.pdf Graphic file (type pdf)
<use ../Images/00006.pdf>
File: ../Images/00011.pdf Graphic file (type pdf)
<use ../Images/00011.pdf>
File: ../Images/00002.pdf Graphic file (type pdf)
<use ../Images/00002.pdf>
File: ../Images/00011.pdf Graphic file (type pdf)
<use ../Images/00011.pdf>

[10]
File: ../Images/00002.pdf Graphic file (type pdf)
<use ../Images/00002.pdf>
File: ../Images/00011.pdf Graphic file (type pdf)
<use ../Images/00011.pdf>
File: ../Images/00002.pdf Graphic file (type pdf)
<use ../Images/00002.pdf>
File: ../Images/00011.pdf Graphic file (type pdf)
<use ../Images/00011.pdf>
File: ../Images/00002.pdf Graphic file (type pdf)
<use ../Images/00002.pdf>
File: ../Images/00010.pdf Graphic file (type pdf)
<use ../Images/00010.pdf>
File: ../Images/00006.pdf Graphic file (type pdf)
<use ../Images/00006.pdf>
File: ../Images/00011.pdf Graphic file (type pdf)
<use ../Images/00011.pdf>
File: ../Images/00002.pdf Graphic file (type pdf)
<use ../Images/00002.pdf>
File: ../Images/00011.pdf Graphic file (type pdf)
<use ../Images/00011.pdf>
Missing character: There is no ◇ in font [lmroman10-regular]:mapping=tex-text;!
File: ../Images/00002.pdf Graphic file (type pdf)
<use ../Images/00002.pdf>
File: ../Images/00011.pdf Graphic file (type pdf)
<use ../Images/00011.pdf>
File: ../Images/00006.pdf Graphic file (type pdf)
<use ../Images/00006.pdf>
File: ../Images/00011.pdf Graphic file (type pdf)
<use ../Images/00011.pdf>
File: ../Images/00002.pdf Graphic file (type pdf)
<use ../Images/00002.pdf>
File: ../Images/00010.pdf Graphic file (type pdf)
<use ../Images/00010.pdf>
File: ../Images/00002.pdf Graphic file (type pdf)
<use ../Images/00002.pdf>
File: ../Images/00011.pdf Graphic file (type pdf)
<use ../Images/00011.pdf>
File: ../Images/00006.pdf Graphic file (type pdf)
<use ../Images/00006.pdf>
File: ../Images/00011.pdf Graphic file (type pdf)
<use ../Images/00011.pdf>
File: ../Images/00002.pdf Graphic file (type pdf)
<use ../Images/00002.pdf>
File: ../Images/00011.pdf Graphic file (type pdf)
<use ../Images/00011.pdf>
File: ../Images/00002.pdf Graphic file (type pdf)
<use ../Images/00002.pdf>
File: ../Images/00011.pdf Graphic file (type pdf)
<use ../Images/00011.pdf>
File: ../Images/00002.pdf Graphic file (type pdf)
<use ../Images/00002.pdf>
File: ../Images/00011.pdf Graphic file (type pdf)
<use ../Images/00011.pdf>
File: ../Images/00002.pdf Graphic file (type pdf)
<use ../Images/00002.pdf>
File: ../Images/00011.pdf Graphic file (type pdf)
<use ../Images/00011.pdf>
File: ../Images/00002.pdf Graphic file (type pdf)
<use ../Images/00002.pdf>
File: ../Images/00010.pdf Graphic file (type pdf)
<use ../Images/00010.pdf>
File: ../Images/00006.pdf Graphic file (type pdf)
<use ../Images/00006.pdf>
File: ../Images/00011.pdf Graphic file (type pdf)
<use ../Images/00011.pdf>

Underfull \vbox (badness 1275) has occurred while \output is active []

 [11]
File: ../Images/00002.pdf Graphic file (type pdf)
<use ../Images/00002.pdf>
File: ../Images/00011.pdf Graphic file (type pdf)
<use ../Images/00011.pdf>
File: ../Images/00006.pdf Graphic file (type pdf)
<use ../Images/00006.pdf>
File: ../Images/00011.pdf Graphic file (type pdf)
<use ../Images/00011.pdf>
File: ../Images/00002.pdf Graphic file (type pdf)
<use ../Images/00002.pdf>
File: ../Images/00010.pdf Graphic file (type pdf)
<use ../Images/00010.pdf>
File: ../Images/00005.pdf Graphic file (type pdf)
<use ../Images/00005.pdf>
File: ../Images/00012.pdf Graphic file (type pdf)
<use ../Images/00012.pdf>
File: ../Images/00002.pdf Graphic file (type pdf)
<use ../Images/00002.pdf>
File: ../Images/00010.pdf Graphic file (type pdf)
<use ../Images/00010.pdf>
File: ../Images/00002.pdf Graphic file (type pdf)
<use ../Images/00002.pdf>
File: ../Images/00011.pdf Graphic file (type pdf)
<use ../Images/00011.pdf>
File: ../Images/00006.pdf Graphic file (type pdf)
<use ../Images/00006.pdf>
File: ../Images/00011.pdf Graphic file (type pdf)
<use ../Images/00011.pdf>
File: ../Images/00006.pdf Graphic file (type pdf)
<use ../Images/00006.pdf>
File: ../Images/00011.pdf Graphic file (type pdf)
<use ../Images/00011.pdf>
File: ../Images/00002.pdf Graphic file (type pdf)
<use ../Images/00002.pdf>
File: ../Images/00011.pdf Graphic file (type pdf)
<use ../Images/00011.pdf>
File: ../Images/00006.pdf Graphic file (type pdf)
<use ../Images/00006.pdf>
File: ../Images/00011.pdf Graphic file (type pdf)
<use ../Images/00011.pdf>

[12]
File: ../Images/00005.pdf Graphic file (type pdf)
<use ../Images/00005.pdf>
File: ../Images/00012.pdf Graphic file (type pdf)
<use ../Images/00012.pdf>
File: ../Images/00002.pdf Graphic file (type pdf)
<use ../Images/00002.pdf>
File: ../Images/00011.pdf Graphic file (type pdf)
<use ../Images/00011.pdf>
File: ../Images/00002.pdf Graphic file (type pdf)
<use ../Images/00002.pdf>
File: ../Images/00011.pdf Graphic file (type pdf)
<use ../Images/00011.pdf>
File: ../Images/00002.pdf Graphic file (type pdf)
<use ../Images/00002.pdf>
File: ../Images/00011.pdf Graphic file (type pdf)
<use ../Images/00011.pdf>
File: ../Images/00002.pdf Graphic file (type pdf)
<use ../Images/00002.pdf>
File: ../Images/00011.pdf Graphic file (type pdf)
<use ../Images/00011.pdf>
File: ../Images/00002.pdf Graphic file (type pdf)
<use ../Images/00002.pdf>
File: ../Images/00010.pdf Graphic file (type pdf)
<use ../Images/00010.pdf>
File: ../Images/00002.pdf Graphic file (type pdf)
<use ../Images/00002.pdf>
File: ../Images/00011.pdf Graphic file (type pdf)
<use ../Images/00011.pdf>
File: ../Images/00002.pdf Graphic file (type pdf)
<use ../Images/00002.pdf>
File: ../Images/00011.pdf Graphic file (type pdf)
<use ../Images/00011.pdf>
File: ../Images/00002.pdf Graphic file (type pdf)
<use ../Images/00002.pdf>
File: ../Images/00010.pdf Graphic file (type pdf)
<use ../Images/00010.pdf>
File: ../Images/00002.pdf Graphic file (type pdf)
<use ../Images/00002.pdf>
File: ../Images/00011.pdf Graphic file (type pdf)
<use ../Images/00011.pdf>
File: ../Images/00002.pdf Graphic file (type pdf)
<use ../Images/00002.pdf>
File: ../Images/00011.pdf Graphic file (type pdf)
<use ../Images/00011.pdf>
File: ../Images/00002.pdf Graphic file (type pdf)
<use ../Images/00002.pdf>
File: ../Images/00010.pdf Graphic file (type pdf)
<use ../Images/00010.pdf>
File: ../Images/00002.pdf Graphic file (type pdf)
<use ../Images/00002.pdf>
File: ../Images/00011.pdf Graphic file (type pdf)
<use ../Images/00011.pdf>
File: ../Images/00002.pdf Graphic file (type pdf)
<use ../Images/00002.pdf>
File: ../Images/00011.pdf Graphic file (type pdf)
<use ../Images/00011.pdf>
File: ../Images/00002.pdf Graphic file (type pdf)
<use ../Images/00002.pdf>
File: ../Images/00010.pdf Graphic file (type pdf)
<use ../Images/00010.pdf>
File: ../Images/00002.pdf Graphic file (type pdf)
<use ../Images/00002.pdf>
File: ../Images/00011.pdf Graphic file (type pdf)
<use ../Images/00011.pdf>
File: ../Images/00002.pdf Graphic file (type pdf)
<use ../Images/00002.pdf>
File: ../Images/00011.pdf Graphic file (type pdf)
<use ../Images/00011.pdf>
File: ../Images/00002.pdf Graphic file (type pdf)
<use ../Images/00002.pdf>
File: ../Images/00010.pdf Graphic file (type pdf)
<use ../Images/00010.pdf>
File: ../Images/00002.pdf Graphic file (type pdf)
<use ../Images/00002.pdf>
File: ../Images/00011.pdf Graphic file (type pdf)
<use ../Images/00011.pdf>
File: ../Images/00002.pdf Graphic file (type pdf)
<use ../Images/00002.pdf>
File: ../Images/00010.pdf Graphic file (type pdf)
<use ../Images/00010.pdf>
File: ../Images/00002.pdf Graphic file (type pdf)
<use ../Images/00002.pdf>
File: ../Images/00011.pdf Graphic file (type pdf)
<use ../Images/00011.pdf>
File: ../Images/00002.pdf Graphic file (type pdf)
<use ../Images/00002.pdf>
File: ../Images/00011.pdf Graphic file (type pdf)
<use ../Images/00011.pdf>
File: ../Images/00002.pdf Graphic file (type pdf)
<use ../Images/00002.pdf>
File: ../Images/00010.pdf Graphic file (type pdf)
<use ../Images/00010.pdf>
File: ../Images/00005.pdf Graphic file (type pdf)
<use ../Images/00005.pdf>
File: ../Images/00012.pdf Graphic file (type pdf)
<use ../Images/00012.pdf>
 [13]
File: ../Images/00002.pdf Graphic file (type pdf)
<use ../Images/00002.pdf>
File: ../Images/00011.pdf Graphic file (type pdf)
<use ../Images/00011.pdf>
File: ../Images/00002.pdf Graphic file (type pdf)
<use ../Images/00002.pdf>
File: ../Images/00010.pdf Graphic file (type pdf)
<use ../Images/00010.pdf>
File: ../Images/00006.pdf Graphic file (type pdf)
<use ../Images/00006.pdf>
File: ../Images/00011.pdf Graphic file (type pdf)
<use ../Images/00011.pdf>
File: ../Images/00002.pdf Graphic file (type pdf)
<use ../Images/00002.pdf>
File: ../Images/00011.pdf Graphic file (type pdf)
<use ../Images/00011.pdf>
File: ../Images/00002.pdf Graphic file (type pdf)
<use ../Images/00002.pdf>
File: ../Images/00010.pdf Graphic file (type pdf)
<use ../Images/00010.pdf>
File: ../Images/00002.pdf Graphic file (type pdf)
<use ../Images/00002.pdf>
File: ../Images/00011.pdf Graphic file (type pdf)
<use ../Images/00011.pdf>
File: ../Images/00006.pdf Graphic file (type pdf)
<use ../Images/00006.pdf>
File: ../Images/00011.pdf Graphic file (type pdf)
<use ../Images/00011.pdf>
File: ../Images/00006.pdf Graphic file (type pdf)
<use ../Images/00006.pdf>
File: ../Images/00011.pdf Graphic file (type pdf)
<use ../Images/00011.pdf>
File: ../Images/00005.pdf Graphic file (type pdf)
<use ../Images/00005.pdf>
) [14]
Package atveryend Info: Empty hook `BeforeClearDocument' on input line 165.
Package atveryend Info: Empty hook `AfterLastShipout' on input line 165.
 (./main.aux (./TeX_files/Information.aux)
(./TeX_files/introduction.aux) (./TeX_files/case.aux)
(./TeX_files/chapter01.aux))
Package atveryend Info: Empty hook `AtVeryEndDocument' on input line 165.
Package atveryend Info: Executing hook `AtEndAfterFileList' on input line 165.


Package rerunfilecheck Warning: File `main.out' has changed.
(rerunfilecheck)                Rerun to get outlines right
(rerunfilecheck)                or use package `bookmark'.

Package rerunfilecheck Info: Checksums for `main.out':
(rerunfilecheck)             Before: 58144265CF016563D7EA1214F367E5CC
(rerunfilecheck)             After:  0FAC05B24B4A20FE84187FA79F950DDC.

LaTeX Font Warning: Some font shapes were not available, defaults substituted.

Package atveryend Info: Empty hook `AtVeryVeryEnd' on input line 165.
 ) 
Here is how much of TeX's memory you used:
 36857 strings out of 492922
 782504 string characters out of 6129644
 809515 words of memory out of 5000000
 40375 multiletter control sequences out of 15000+600000
 553796 words of font info for 109 fonts, out of 8000000 for 9000
 1348 hyphenation exceptions out of 8191
 55i,7n,68p,2823b,495s stack positions out of 5000i,500n,10000p,200000b,80000s

Output written on main.pdf (22 pages).
