\BOOKMARK [0][]{chapter*.1}{\376\377\162\110\147\103\117\341\140\157}{}% 1
\BOOKMARK [0][]{chapter*.2}{\376\377\145\164\164\006\213\364\146\016}{}% 2
\BOOKMARK [0][]{chapter.1}{\376\377\205\233\134\017\131\271\145\260\177\026\140\000\123\344\213\327\200\341\136\270\123\073\116\161\165\050\206\116\162\374\203\157}{}% 3
\BOOKMARK [0][]{chapter.2}{\376\377\133\377\140\041\176\242\177\244\202\263\137\000\131\034\133\264\153\173\221\321\116\071\162\354\202\163\164\006\116\262\116\047}{}% 4
\BOOKMARK [0][]{chapter.3}{\376\377\136\175\155\321\131\163\140\262\230\230\116\224\177\216\124\037\155\152\203\141\133\120\140\305\220\127\116\135\237\231\117\151}{}% 5
\BOOKMARK [0][]{chapter.4}{\376\377\215\076\116\214\202\015\120\167\132\066\134\044\116\214\131\350\134\044\116\011\131\320\140\035\132\301\147\363\116\214\220\316}{}% 6
\BOOKMARK [0][]{chapter.5}{\376\377\140\305\134\017\131\271\200\073\140\305\137\122\127\060\136\234\121\267\116\214\220\316\116\000\121\267\121\145\172\172\225\350}{}% 7
\BOOKMARK [0][]{chapter.6}{\376\377\231\210\127\037\162\151\230\246\123\177\137\365\145\105\221\314\213\257\133\266\172\345\121\344\131\320\204\304\226\064\214\013}{}% 8
\BOOKMARK [0][]{chapter.7}{\376\377\202\346\134\044\132\030\215\132\121\145\131\047\211\302\126\355\221\170\121\344\131\320\131\047\225\371\133\201\126\375\136\234}{}% 9
\BOOKMARK [0][]{chapter.8}{\376\377\137\004\134\017\135\347\165\050\120\037\122\121\147\100\116\272\211\311\131\047\226\120\124\036\165\037\221\321\201\352\220\035}{}% 10
\BOOKMARK [0][]{chapter.9}{\376\377\147\227\236\333\163\211\221\315\136\372\150\103\202\261\171\076\123\362\156\130\116\221\120\166\130\153\147\363\175\156\213\315}{}% 11
\BOOKMARK [0][]{chapter.10}{\376\377\132\314\226\231\116\272\147\011\137\303\165\037\132\314\226\231\236\063\236\057\131\163\145\340\141\017\220\107\236\063\236\057}{}% 12
\BOOKMARK [0][]{chapter.11}{\376\377\163\213\161\231\121\344\140\103\137\072\177\236\213\364\165\305\147\145\145\372\131\207\120\032\122\277\227\070\142\020\116\262}{}% 13
\BOOKMARK [0][]{chapter.12}{\376\377\165\364\116\053\131\064\213\357\142\376\176\343\146\045\126\312\141\346\134\017\131\320\116\015\225\356\175\057\221\321\121\344}{}% 14
\BOOKMARK [0][]{chapter.13}{\376\377\140\321\131\170\214\027\142\204\150\300\131\047\211\302\126\355\167\342\133\144\116\313\147\134\176\335\133\201\126\375\136\234}{}% 15
\BOOKMARK [0][]{chapter.14}{\376\377\137\000\131\034\133\264\137\002\121\106\123\321\140\262\227\363\215\117\116\055\171\313\145\260\213\315\137\227\117\163\214\066}{}% 16
\BOOKMARK [0][]{chapter.15}{\376\377\121\370\170\247\130\002\124\301\173\033\141\037\121\304\156\005\121\371\146\166\231\206\200\124\213\327\140\262\133\302\133\336}{}% 17
\BOOKMARK [0][]{chapter.16}{\376\377\117\317\116\053\233\037\142\261\134\110\131\055\230\316\155\101\177\216\117\030\117\066\145\251\140\305\137\122\154\064\147\010}{}% 18
\BOOKMARK [0][]{chapter.17}{\376\377\200\001\133\146\130\353\225\362\137\201\131\375\132\163\213\315\165\364\121\154\133\120\147\134\144\260\202\231\204\311\213\324}{}% 19
\BOOKMARK [0][]{chapter.18}{\376\377\205\233\145\207\237\231\140\224\132\066\154\263\116\034\162\356\215\076\217\316\146\045\213\357\132\301\116\055\134\161\162\374}{}% 20
\BOOKMARK [0][]{chapter.19}{\376\377\205\233\145\207\237\231\140\224\132\066\154\263\116\034\162\356\215\076\217\316\146\045\213\357\132\301\116\055\134\161\162\374\377\010\176\355\377\011}{}% 21
